<?xml version="1.0" encoding="UTF-8"?>
<testsuites name="jest tests" tests="6" failures="0" time="5.864">
  <testsuite name="File comparison tests of customer file" errors="0" failures="0" skipped="0" timestamp="2020-04-17T06:02:10" time="5.788" tests="6">
    <testcase classname="File comparison tests of customer file date format in output header should be YYYYMMDD" name="File comparison tests of customer file date format in output header should be YYYYMMDD" time="0.01">
    </testcase>
    <testcase classname="File comparison tests of customer file Header of output file &quot;#|YYYYMMDD|no of records ,&quot;" name="File comparison tests of customer file Header of output file &quot;#|YYYYMMDD|no of records ,&quot;" time="0.001">
    </testcase>
    <testcase classname="File comparison tests of customer file Number of records in Input and output file should be equal" name="File comparison tests of customer file Number of records in Input and output file should be equal" time="0">
    </testcase>
    <testcase classname="File comparison tests of customer file Number of columns in output file should be 10" name="File comparison tests of customer file Number of columns in output file should be 10" time="0">
    </testcase>
    <testcase classname="File comparison tests of customer file mapping of input file to output file should be correct" name="File comparison tests of customer file mapping of input file to output file should be correct" time="0.001">
    </testcase>
    <testcase classname="File comparison tests of customer file Unmapped columns of output file should be blank" name="File comparison tests of customer file Unmapped columns of output file should be blank" time="0">
    </testcase>
  </testsuite>
</testsuites>