<?xml version="1.0" encoding="UTF-8"?>
<testsuites name="jest tests" tests="21" failures="3" time="4.24">
  <testsuite name="File comparison tests of customer file" errors="0" failures="0" skipped="0" timestamp="2020-05-07T01:22:09" time="3.853" tests="6">
    <testcase classname="File comparison tests of customer file date format in output header should be YYYYMMDD" name="File comparison tests of customer file date format in output header should be YYYYMMDD" time="0.005">
    </testcase>
    <testcase classname="File comparison tests of customer file Header of output file &quot;#|YYYYMMDD|no of records ,&quot;" name="File comparison tests of customer file Header of output file &quot;#|YYYYMMDD|no of records ,&quot;" time="0.001">
    </testcase>
    <testcase classname="File comparison tests of customer file Number of records in Input and output file should be equal" name="File comparison tests of customer file Number of records in Input and output file should be equal" time="0">
    </testcase>
    <testcase classname="File comparison tests of customer file Number of columns in output file should be 10" name="File comparison tests of customer file Number of columns in output file should be 10" time="0">
    </testcase>
    <testcase classname="File comparison tests of customer file mapping of input file to output file should be correct" name="File comparison tests of customer file mapping of input file to output file should be correct" time="0.001">
    </testcase>
    <testcase classname="File comparison tests of customer file Unmapped columns of output file should be blank" name="File comparison tests of customer file Unmapped columns of output file should be blank" time="0">
    </testcase>
  </testsuite>
  <testsuite name="ETL tests" errors="0" failures="3" skipped="0" timestamp="2020-05-07T01:22:09" time="3.935" tests="15">
    <testcase classname="ETL tests File comparison tests of customer file date format in output header should be YYYYMMDD" name="ETL tests File comparison tests of customer file date format in output header should be YYYYMMDD" time="0.004">
    </testcase>
    <testcase classname="ETL tests File comparison tests of customer file Header of output file &quot;#|YYYYMMDD|no of records ,&quot;" name="ETL tests File comparison tests of customer file Header of output file &quot;#|YYYYMMDD|no of records ,&quot;" time="0.001">
    </testcase>
    <testcase classname="ETL tests File comparison tests of customer file Number of records in Input and output file should be equal" name="ETL tests File comparison tests of customer file Number of records in Input and output file should be equal" time="0.001">
    </testcase>
    <testcase classname="ETL tests File comparison tests of customer file Number of columns in output file should be 10" name="ETL tests File comparison tests of customer file Number of columns in output file should be 10" time="0">
    </testcase>
    <testcase classname="ETL tests File comparison tests of customer file mapping of input file to output file should be correct" name="ETL tests File comparison tests of customer file mapping of input file to output file should be correct" time="0">
    </testcase>
    <testcase classname="ETL tests File comparison tests of customer file Unmapped columns of output file should be blank" name="ETL tests File comparison tests of customer file Unmapped columns of output file should be blank" time="0.001">
    </testcase>
    <testcase classname="ETL tests File comparison tests of deposit_account file date format in output header should be YYYYMMDD" name="ETL tests File comparison tests of deposit_account file date format in output header should be YYYYMMDD" time="0.002">
      <failure>Error: expect(received).toBeTruthy()

Received: false
    at Object.&lt;anonymous&gt; (/Users/shuklaa1/ZafinETL_poc/poc-test-framework-etl-x/blackbox/test/etlFiles.test.js:117:25)
    at Object.asyncJestTest (/Users/shuklaa1/ZafinETL_poc/poc-test-framework-etl-x/blackbox/node_modules/jest-jasmine2/build/jasmineAsyncInstall.js:100:37)
    at /Users/shuklaa1/ZafinETL_poc/poc-test-framework-etl-x/blackbox/node_modules/jest-jasmine2/build/queueRunner.js:45:12
    at new Promise (&lt;anonymous&gt;)
    at mapper (/Users/shuklaa1/ZafinETL_poc/poc-test-framework-etl-x/blackbox/node_modules/jest-jasmine2/build/queueRunner.js:28:19)
    at /Users/shuklaa1/ZafinETL_poc/poc-test-framework-etl-x/blackbox/node_modules/jest-jasmine2/build/queueRunner.js:75:41
    at processTicksAndRejections (internal/process/task_queues.js:97:5)</failure>
    </testcase>
    <testcase classname="ETL tests File comparison tests of deposit_account file Header of output file &quot;#|YYYYMMDD|no of records ,&quot;" name="ETL tests File comparison tests of deposit_account file Header of output file &quot;#|YYYYMMDD|no of records ,&quot;" time="0.001">
      <failure>Error: expect(received).toEqual(expected) // deep equality

Expected: &quot;#,undefined,4&quot;
Received: &quot;&quot;
    at Object.&lt;anonymous&gt; (/Users/shuklaa1/ZafinETL_poc/poc-test-framework-etl-x/blackbox/test/etlFiles.test.js:123:28)
    at Object.asyncJestTest (/Users/shuklaa1/ZafinETL_poc/poc-test-framework-etl-x/blackbox/node_modules/jest-jasmine2/build/jasmineAsyncInstall.js:100:37)
    at /Users/shuklaa1/ZafinETL_poc/poc-test-framework-etl-x/blackbox/node_modules/jest-jasmine2/build/queueRunner.js:45:12
    at new Promise (&lt;anonymous&gt;)
    at mapper (/Users/shuklaa1/ZafinETL_poc/poc-test-framework-etl-x/blackbox/node_modules/jest-jasmine2/build/queueRunner.js:28:19)
    at /Users/shuklaa1/ZafinETL_poc/poc-test-framework-etl-x/blackbox/node_modules/jest-jasmine2/build/queueRunner.js:75:41
    at processTicksAndRejections (internal/process/task_queues.js:97:5)</failure>
    </testcase>
    <testcase classname="ETL tests File comparison tests of deposit_account file Number of records in Input and output file should be equal" name="ETL tests File comparison tests of deposit_account file Number of records in Input and output file should be equal" time="0.001">
      <failure>Error: expect(received).toBe(expected) // Object.is equality

Expected: 5
Received: 1
    at Object.&lt;anonymous&gt; (/Users/shuklaa1/ZafinETL_poc/poc-test-framework-etl-x/blackbox/test/etlFiles.test.js:128:26)
    at Object.asyncJestTest (/Users/shuklaa1/ZafinETL_poc/poc-test-framework-etl-x/blackbox/node_modules/jest-jasmine2/build/jasmineAsyncInstall.js:100:37)
    at /Users/shuklaa1/ZafinETL_poc/poc-test-framework-etl-x/blackbox/node_modules/jest-jasmine2/build/queueRunner.js:45:12
    at new Promise (&lt;anonymous&gt;)
    at mapper (/Users/shuklaa1/ZafinETL_poc/poc-test-framework-etl-x/blackbox/node_modules/jest-jasmine2/build/queueRunner.js:28:19)
    at /Users/shuklaa1/ZafinETL_poc/poc-test-framework-etl-x/blackbox/node_modules/jest-jasmine2/build/queueRunner.js:75:41
    at processTicksAndRejections (internal/process/task_queues.js:97:5)</failure>
    </testcase>
    <testcase classname="ETL tests File comparison tests of deposit_account file Number of columns in output file should be fourteen" name="ETL tests File comparison tests of deposit_account file Number of columns in output file should be fourteen" time="0">
    </testcase>
    <testcase classname="ETL tests File comparison tests of account-customer-relationship file date format in output header should be YYYYMMDD" name="ETL tests File comparison tests of account-customer-relationship file date format in output header should be YYYYMMDD" time="0.001">
    </testcase>
    <testcase classname="ETL tests File comparison tests of account-customer-relationship file Header of output file &quot;#|YYYYMMDD|no of records ,&quot;" name="ETL tests File comparison tests of account-customer-relationship file Header of output file &quot;#|YYYYMMDD|no of records ,&quot;" time="0">
    </testcase>
    <testcase classname="ETL tests File comparison tests of account-customer-relationship file Number of records in Input and output file should be equal" name="ETL tests File comparison tests of account-customer-relationship file Number of records in Input and output file should be equal" time="0">
    </testcase>
    <testcase classname="ETL tests File comparison tests of account-customer-relationship file Number of columns in output file should be three" name="ETL tests File comparison tests of account-customer-relationship file Number of columns in output file should be three" time="0.001">
    </testcase>
    <testcase classname="ETL tests File comparison tests of account-customer-relationship file mapping of input file to output file should be correct" name="ETL tests File comparison tests of account-customer-relationship file mapping of input file to output file should be correct" time="0">
    </testcase>
  </testsuite>
</testsuites>