<?xml version="1.0" encoding="UTF-8"?>
<testsuites name="jest tests" tests="10" failures="0" time="2.498">
  <testsuite name="ETL tests" errors="0" failures="0" skipped="0" timestamp="2020-04-28T00:49:37" time="2.454" tests="10">
    <testcase classname="ETL tests File comparison tests of customer file date format in output header should be YYYYMMDD" name="ETL tests File comparison tests of customer file date format in output header should be YYYYMMDD" time="0.004">
    </testcase>
    <testcase classname="ETL tests File comparison tests of customer file Header of output file &quot;#|YYYYMMDD|no of records ,&quot;" name="ETL tests File comparison tests of customer file Header of output file &quot;#|YYYYMMDD|no of records ,&quot;" time="0.001">
    </testcase>
    <testcase classname="ETL tests File comparison tests of customer file Number of records in Input and output file should be equal" name="ETL tests File comparison tests of customer file Number of records in Input and output file should be equal" time="0.001">
    </testcase>
    <testcase classname="ETL tests File comparison tests of customer file Number of columns in output file should be ten" name="ETL tests File comparison tests of customer file Number of columns in output file should be ten" time="0">
    </testcase>
    <testcase classname="ETL tests File comparison tests of customer file mapping of input file to output file should be correct" name="ETL tests File comparison tests of customer file mapping of input file to output file should be correct" time="0">
    </testcase>
    <testcase classname="ETL tests File comparison tests of customer file Unmapped columns of output file should be blank" name="ETL tests File comparison tests of customer file Unmapped columns of output file should be blank" time="0.001">
    </testcase>
    <testcase classname="ETL tests File comparison tests of account file date format in output header should be YYYYMMDD" name="ETL tests File comparison tests of account file date format in output header should be YYYYMMDD" time="0.001">
    </testcase>
    <testcase classname="ETL tests File comparison tests of account file Header of output file &quot;#|YYYYMMDD|no of records ,&quot;" name="ETL tests File comparison tests of account file Header of output file &quot;#|YYYYMMDD|no of records ,&quot;" time="0.001">
    </testcase>
    <testcase classname="ETL tests File comparison tests of account file Number of records in Input and output file should be equal" name="ETL tests File comparison tests of account file Number of records in Input and output file should be equal" time="0.001">
    </testcase>
    <testcase classname="ETL tests File comparison tests of account file Number of columns in output file should be ten" name="ETL tests File comparison tests of account file Number of columns in output file should be ten" time="0">
    </testcase>
  </testsuite>
</testsuites>