<?xml version="1.0" encoding="UTF-8"?>
<testsuites name="jest tests" tests="52" failures="51" time="7.024">
  <testsuite name="ETL tests" errors="0" failures="51" skipped="0" timestamp="2020-06-11T03:29:53" time="6.547" tests="52">
    <testcase classname="ETL tests Directory check for correctness Directory check for correctness - 18 files" name="ETL tests Directory check for correctness Directory check for correctness - 18 files" time="0.002">
    </testcase>
    <testcase classname="ETL tests Directory check for correctness Name of files should follow naming convention" name="ETL tests Directory check for correctness Name of files should follow naming convention" time="0.002">
      <failure>Error: expect(received).toBeTruthy()

Received: false
    at Object.&lt;anonymous&gt; (/Users/shuklaa1/ZafinETL_poc/poc-test-framework-etl-x/blackbox/test/etlFilesDev.test.js:81:9)
    at Object.asyncJestTest (/Users/shuklaa1/ZafinETL_poc/poc-test-framework-etl-x/blackbox/node_modules/jest-jasmine2/build/jasmineAsyncInstall.js:100:37)
    at /Users/shuklaa1/ZafinETL_poc/poc-test-framework-etl-x/blackbox/node_modules/jest-jasmine2/build/queueRunner.js:45:12
    at new Promise (&lt;anonymous&gt;)
    at mapper (/Users/shuklaa1/ZafinETL_poc/poc-test-framework-etl-x/blackbox/node_modules/jest-jasmine2/build/queueRunner.js:28:19)
    at /Users/shuklaa1/ZafinETL_poc/poc-test-framework-etl-x/blackbox/node_modules/jest-jasmine2/build/queueRunner.js:75:41
    at processTicksAndRejections (internal/process/task_queues.js:97:5)</failure>
    </testcase>
    <testcase classname="ETL tests File comparison tests of customer file date format in output header should be YYYYMMDD" name="ETL tests File comparison tests of customer file date format in output header should be YYYYMMDD" time="0.001">
      <failure>Error: ENOENT: no such file or directory, open
    at Object.openSync (fs.js:462:3)
    at Object.readFileSync (fs.js:364:35)
    at Object.convertTocsv (/Users/shuklaa1/ZafinETL_poc/poc-test-framework-etl-x/blackbox/lib/utils.js:19:8)
    at Object.&lt;anonymous&gt; (/Users/shuklaa1/ZafinETL_poc/poc-test-framework-etl-x/blackbox/test/etlFilesDev.test.js:93:19)
    at Object.asyncJestLifecycle (/Users/shuklaa1/ZafinETL_poc/poc-test-framework-etl-x/blackbox/node_modules/jest-jasmine2/build/jasmineAsyncInstall.js:53:37)
    at /Users/shuklaa1/ZafinETL_poc/poc-test-framework-etl-x/blackbox/node_modules/jest-jasmine2/build/queueRunner.js:45:12
    at new Promise (&lt;anonymous&gt;)
    at mapper (/Users/shuklaa1/ZafinETL_poc/poc-test-framework-etl-x/blackbox/node_modules/jest-jasmine2/build/queueRunner.js:28:19)
    at /Users/shuklaa1/ZafinETL_poc/poc-test-framework-etl-x/blackbox/node_modules/jest-jasmine2/build/queueRunner.js:75:41
    at processTicksAndRejections (internal/process/task_queues.js:97:5)</failure>
      <failure>TypeError: Cannot read property &apos;1&apos; of undefined
    at Object.&lt;anonymous&gt; (/Users/shuklaa1/ZafinETL_poc/poc-test-framework-etl-x/blackbox/test/etlFilesDev.test.js:111:45)
    at Object.asyncJestTest (/Users/shuklaa1/ZafinETL_poc/poc-test-framework-etl-x/blackbox/node_modules/jest-jasmine2/build/jasmineAsyncInstall.js:100:37)
    at /Users/shuklaa1/ZafinETL_poc/poc-test-framework-etl-x/blackbox/node_modules/jest-jasmine2/build/queueRunner.js:45:12
    at new Promise (&lt;anonymous&gt;)
    at mapper (/Users/shuklaa1/ZafinETL_poc/poc-test-framework-etl-x/blackbox/node_modules/jest-jasmine2/build/queueRunner.js:28:19)
    at /Users/shuklaa1/ZafinETL_poc/poc-test-framework-etl-x/blackbox/node_modules/jest-jasmine2/build/queueRunner.js:75:41
    at processTicksAndRejections (internal/process/task_queues.js:97:5)</failure>
    </testcase>
    <testcase classname="ETL tests File comparison tests of customer file Header of output file &quot;#|YYYYMMDD|no of records ,&quot;" name="ETL tests File comparison tests of customer file Header of output file &quot;#|YYYYMMDD|no of records ,&quot;" time="0">
      <failure>Error: ENOENT: no such file or directory, open
    at Object.openSync (fs.js:462:3)
    at Object.readFileSync (fs.js:364:35)
    at Object.convertTocsv (/Users/shuklaa1/ZafinETL_poc/poc-test-framework-etl-x/blackbox/lib/utils.js:19:8)
    at Object.&lt;anonymous&gt; (/Users/shuklaa1/ZafinETL_poc/poc-test-framework-etl-x/blackbox/test/etlFilesDev.test.js:93:19)
    at Object.asyncJestLifecycle (/Users/shuklaa1/ZafinETL_poc/poc-test-framework-etl-x/blackbox/node_modules/jest-jasmine2/build/jasmineAsyncInstall.js:53:37)
    at /Users/shuklaa1/ZafinETL_poc/poc-test-framework-etl-x/blackbox/node_modules/jest-jasmine2/build/queueRunner.js:45:12
    at new Promise (&lt;anonymous&gt;)
    at mapper (/Users/shuklaa1/ZafinETL_poc/poc-test-framework-etl-x/blackbox/node_modules/jest-jasmine2/build/queueRunner.js:28:19)
    at /Users/shuklaa1/ZafinETL_poc/poc-test-framework-etl-x/blackbox/node_modules/jest-jasmine2/build/queueRunner.js:75:41
    at processTicksAndRejections (internal/process/task_queues.js:97:5)</failure>
      <failure>TypeError: Cannot read property &apos;toString&apos; of undefined
    at Object.&lt;anonymous&gt; (/Users/shuklaa1/ZafinETL_poc/poc-test-framework-etl-x/blackbox/test/etlFilesDev.test.js:118:47)
    at Object.asyncJestTest (/Users/shuklaa1/ZafinETL_poc/poc-test-framework-etl-x/blackbox/node_modules/jest-jasmine2/build/jasmineAsyncInstall.js:100:37)
    at /Users/shuklaa1/ZafinETL_poc/poc-test-framework-etl-x/blackbox/node_modules/jest-jasmine2/build/queueRunner.js:45:12
    at new Promise (&lt;anonymous&gt;)
    at mapper (/Users/shuklaa1/ZafinETL_poc/poc-test-framework-etl-x/blackbox/node_modules/jest-jasmine2/build/queueRunner.js:28:19)
    at /Users/shuklaa1/ZafinETL_poc/poc-test-framework-etl-x/blackbox/node_modules/jest-jasmine2/build/queueRunner.js:75:41
    at processTicksAndRejections (internal/process/task_queues.js:97:5)</failure>
    </testcase>
    <testcase classname="ETL tests File comparison tests of customer file Number of records in Input and output file should be equal" name="ETL tests File comparison tests of customer file Number of records in Input and output file should be equal" time="0">
      <failure>Error: ENOENT: no such file or directory, open
    at Object.openSync (fs.js:462:3)
    at Object.readFileSync (fs.js:364:35)
    at Object.convertTocsv (/Users/shuklaa1/ZafinETL_poc/poc-test-framework-etl-x/blackbox/lib/utils.js:19:8)
    at Object.&lt;anonymous&gt; (/Users/shuklaa1/ZafinETL_poc/poc-test-framework-etl-x/blackbox/test/etlFilesDev.test.js:93:19)
    at Object.asyncJestLifecycle (/Users/shuklaa1/ZafinETL_poc/poc-test-framework-etl-x/blackbox/node_modules/jest-jasmine2/build/jasmineAsyncInstall.js:53:37)
    at /Users/shuklaa1/ZafinETL_poc/poc-test-framework-etl-x/blackbox/node_modules/jest-jasmine2/build/queueRunner.js:45:12
    at new Promise (&lt;anonymous&gt;)
    at mapper (/Users/shuklaa1/ZafinETL_poc/poc-test-framework-etl-x/blackbox/node_modules/jest-jasmine2/build/queueRunner.js:28:19)
    at /Users/shuklaa1/ZafinETL_poc/poc-test-framework-etl-x/blackbox/node_modules/jest-jasmine2/build/queueRunner.js:75:41
    at processTicksAndRejections (internal/process/task_queues.js:97:5)</failure>
    </testcase>
    <testcase classname="ETL tests File comparison tests of customer file Number of columns in output file should be 10" name="ETL tests File comparison tests of customer file Number of columns in output file should be 10" time="0.002">
      <failure>Error: ENOENT: no such file or directory, open
    at Object.openSync (fs.js:462:3)
    at Object.readFileSync (fs.js:364:35)
    at Object.convertTocsv (/Users/shuklaa1/ZafinETL_poc/poc-test-framework-etl-x/blackbox/lib/utils.js:19:8)
    at Object.&lt;anonymous&gt; (/Users/shuklaa1/ZafinETL_poc/poc-test-framework-etl-x/blackbox/test/etlFilesDev.test.js:93:19)
    at Object.asyncJestLifecycle (/Users/shuklaa1/ZafinETL_poc/poc-test-framework-etl-x/blackbox/node_modules/jest-jasmine2/build/jasmineAsyncInstall.js:53:37)
    at /Users/shuklaa1/ZafinETL_poc/poc-test-framework-etl-x/blackbox/node_modules/jest-jasmine2/build/queueRunner.js:45:12
    at new Promise (&lt;anonymous&gt;)
    at mapper (/Users/shuklaa1/ZafinETL_poc/poc-test-framework-etl-x/blackbox/node_modules/jest-jasmine2/build/queueRunner.js:28:19)
    at /Users/shuklaa1/ZafinETL_poc/poc-test-framework-etl-x/blackbox/node_modules/jest-jasmine2/build/queueRunner.js:75:41
    at processTicksAndRejections (internal/process/task_queues.js:97:5)</failure>
      <failure>Error: expect(received).toBeTruthy()

Received: 0
    at Object.&lt;anonymous&gt; (/Users/shuklaa1/ZafinETL_poc/poc-test-framework-etl-x/blackbox/test/etlFilesDev.test.js:135:27)
    at Object.asyncJestTest (/Users/shuklaa1/ZafinETL_poc/poc-test-framework-etl-x/blackbox/node_modules/jest-jasmine2/build/jasmineAsyncInstall.js:100:37)
    at /Users/shuklaa1/ZafinETL_poc/poc-test-framework-etl-x/blackbox/node_modules/jest-jasmine2/build/queueRunner.js:45:12
    at new Promise (&lt;anonymous&gt;)
    at mapper (/Users/shuklaa1/ZafinETL_poc/poc-test-framework-etl-x/blackbox/node_modules/jest-jasmine2/build/queueRunner.js:28:19)
    at /Users/shuklaa1/ZafinETL_poc/poc-test-framework-etl-x/blackbox/node_modules/jest-jasmine2/build/queueRunner.js:75:41
    at processTicksAndRejections (internal/process/task_queues.js:97:5)</failure>
    </testcase>
    <testcase classname="ETL tests File comparison tests of customer file mapping of input file to output file should be correct" name="ETL tests File comparison tests of customer file mapping of input file to output file should be correct" time="0.001">
      <failure>Error: ENOENT: no such file or directory, open
    at Object.openSync (fs.js:462:3)
    at Object.readFileSync (fs.js:364:35)
    at Object.convertTocsv (/Users/shuklaa1/ZafinETL_poc/poc-test-framework-etl-x/blackbox/lib/utils.js:19:8)
    at Object.&lt;anonymous&gt; (/Users/shuklaa1/ZafinETL_poc/poc-test-framework-etl-x/blackbox/test/etlFilesDev.test.js:93:19)
    at Object.asyncJestLifecycle (/Users/shuklaa1/ZafinETL_poc/poc-test-framework-etl-x/blackbox/node_modules/jest-jasmine2/build/jasmineAsyncInstall.js:53:37)
    at /Users/shuklaa1/ZafinETL_poc/poc-test-framework-etl-x/blackbox/node_modules/jest-jasmine2/build/queueRunner.js:45:12
    at new Promise (&lt;anonymous&gt;)
    at mapper (/Users/shuklaa1/ZafinETL_poc/poc-test-framework-etl-x/blackbox/node_modules/jest-jasmine2/build/queueRunner.js:28:19)
    at /Users/shuklaa1/ZafinETL_poc/poc-test-framework-etl-x/blackbox/node_modules/jest-jasmine2/build/queueRunner.js:75:41
    at processTicksAndRejections (internal/process/task_queues.js:97:5)</failure>
      <failure>Error: expect(received).toBeTruthy()

Received: undefined
    at Object.&lt;anonymous&gt; (/Users/shuklaa1/ZafinETL_poc/poc-test-framework-etl-x/blackbox/test/etlFilesDev.test.js:148:28)
    at Object.asyncJestTest (/Users/shuklaa1/ZafinETL_poc/poc-test-framework-etl-x/blackbox/node_modules/jest-jasmine2/build/jasmineAsyncInstall.js:100:37)
    at /Users/shuklaa1/ZafinETL_poc/poc-test-framework-etl-x/blackbox/node_modules/jest-jasmine2/build/queueRunner.js:45:12
    at new Promise (&lt;anonymous&gt;)
    at mapper (/Users/shuklaa1/ZafinETL_poc/poc-test-framework-etl-x/blackbox/node_modules/jest-jasmine2/build/queueRunner.js:28:19)
    at /Users/shuklaa1/ZafinETL_poc/poc-test-framework-etl-x/blackbox/node_modules/jest-jasmine2/build/queueRunner.js:75:41
    at processTicksAndRejections (internal/process/task_queues.js:97:5)</failure>
    </testcase>
    <testcase classname="ETL tests File comparison tests of customer file Unmapped columns of output file should be blank:
          CUSTOMER SEGMENT CODE_
          CUSTOMER COHORT CATEGORY CODE_
          CUSTOMER COHORT CODE_
          BRANCH IDENTIFIER_" name="ETL tests File comparison tests of customer file Unmapped columns of output file should be blank:
          CUSTOMER SEGMENT CODE_
          CUSTOMER COHORT CATEGORY CODE_
          CUSTOMER COHORT CODE_
          BRANCH IDENTIFIER_" time="0">
      <failure>Error: ENOENT: no such file or directory, open
    at Object.openSync (fs.js:462:3)
    at Object.readFileSync (fs.js:364:35)
    at Object.convertTocsv (/Users/shuklaa1/ZafinETL_poc/poc-test-framework-etl-x/blackbox/lib/utils.js:19:8)
    at Object.&lt;anonymous&gt; (/Users/shuklaa1/ZafinETL_poc/poc-test-framework-etl-x/blackbox/test/etlFilesDev.test.js:93:19)
    at Object.asyncJestLifecycle (/Users/shuklaa1/ZafinETL_poc/poc-test-framework-etl-x/blackbox/node_modules/jest-jasmine2/build/jasmineAsyncInstall.js:53:37)
    at /Users/shuklaa1/ZafinETL_poc/poc-test-framework-etl-x/blackbox/node_modules/jest-jasmine2/build/queueRunner.js:45:12
    at new Promise (&lt;anonymous&gt;)
    at mapper (/Users/shuklaa1/ZafinETL_poc/poc-test-framework-etl-x/blackbox/node_modules/jest-jasmine2/build/queueRunner.js:28:19)
    at /Users/shuklaa1/ZafinETL_poc/poc-test-framework-etl-x/blackbox/node_modules/jest-jasmine2/build/queueRunner.js:75:41
    at processTicksAndRejections (internal/process/task_queues.js:97:5)</failure>
    </testcase>
    <testcase classname="ETL tests File comparison tests of customer file mandatory columns of the file should be populated
          CUSTOMER IDENTIFIER_
          CUSTOMER STATUS_" name="ETL tests File comparison tests of customer file mandatory columns of the file should be populated
          CUSTOMER IDENTIFIER_
          CUSTOMER STATUS_" time="0.001">
      <failure>Error: ENOENT: no such file or directory, open
    at Object.openSync (fs.js:462:3)
    at Object.readFileSync (fs.js:364:35)
    at Object.convertTocsv (/Users/shuklaa1/ZafinETL_poc/poc-test-framework-etl-x/blackbox/lib/utils.js:19:8)
    at Object.&lt;anonymous&gt; (/Users/shuklaa1/ZafinETL_poc/poc-test-framework-etl-x/blackbox/test/etlFilesDev.test.js:93:19)
    at Object.asyncJestLifecycle (/Users/shuklaa1/ZafinETL_poc/poc-test-framework-etl-x/blackbox/node_modules/jest-jasmine2/build/jasmineAsyncInstall.js:53:37)
    at /Users/shuklaa1/ZafinETL_poc/poc-test-framework-etl-x/blackbox/node_modules/jest-jasmine2/build/queueRunner.js:45:12
    at new Promise (&lt;anonymous&gt;)
    at mapper (/Users/shuklaa1/ZafinETL_poc/poc-test-framework-etl-x/blackbox/node_modules/jest-jasmine2/build/queueRunner.js:28:19)
    at /Users/shuklaa1/ZafinETL_poc/poc-test-framework-etl-x/blackbox/node_modules/jest-jasmine2/build/queueRunner.js:75:41
    at processTicksAndRejections (internal/process/task_queues.js:97:5)</failure>
    </testcase>
    <testcase classname="ETL tests File comparison tests of deposit_account file date format in output header should be YYYYMMDD" name="ETL tests File comparison tests of deposit_account file date format in output header should be YYYYMMDD" time="0">
      <failure>Error: ENOENT: no such file or directory, open
    at Object.openSync (fs.js:462:3)
    at Object.readFileSync (fs.js:364:35)
    at Object.convertTocsv (/Users/shuklaa1/ZafinETL_poc/poc-test-framework-etl-x/blackbox/lib/utils.js:19:8)
    at Object.&lt;anonymous&gt; (/Users/shuklaa1/ZafinETL_poc/poc-test-framework-etl-x/blackbox/test/etlFilesDev.test.js:183:19)
    at Object.asyncJestLifecycle (/Users/shuklaa1/ZafinETL_poc/poc-test-framework-etl-x/blackbox/node_modules/jest-jasmine2/build/jasmineAsyncInstall.js:53:37)
    at /Users/shuklaa1/ZafinETL_poc/poc-test-framework-etl-x/blackbox/node_modules/jest-jasmine2/build/queueRunner.js:45:12
    at new Promise (&lt;anonymous&gt;)
    at mapper (/Users/shuklaa1/ZafinETL_poc/poc-test-framework-etl-x/blackbox/node_modules/jest-jasmine2/build/queueRunner.js:28:19)
    at /Users/shuklaa1/ZafinETL_poc/poc-test-framework-etl-x/blackbox/node_modules/jest-jasmine2/build/queueRunner.js:75:41
    at processTicksAndRejections (internal/process/task_queues.js:97:5)</failure>
      <failure>TypeError: Cannot read property &apos;1&apos; of undefined
    at Object.&lt;anonymous&gt; (/Users/shuklaa1/ZafinETL_poc/poc-test-framework-etl-x/blackbox/test/etlFilesDev.test.js:203:45)
    at Object.asyncJestTest (/Users/shuklaa1/ZafinETL_poc/poc-test-framework-etl-x/blackbox/node_modules/jest-jasmine2/build/jasmineAsyncInstall.js:100:37)
    at /Users/shuklaa1/ZafinETL_poc/poc-test-framework-etl-x/blackbox/node_modules/jest-jasmine2/build/queueRunner.js:45:12
    at new Promise (&lt;anonymous&gt;)
    at mapper (/Users/shuklaa1/ZafinETL_poc/poc-test-framework-etl-x/blackbox/node_modules/jest-jasmine2/build/queueRunner.js:28:19)
    at /Users/shuklaa1/ZafinETL_poc/poc-test-framework-etl-x/blackbox/node_modules/jest-jasmine2/build/queueRunner.js:75:41
    at processTicksAndRejections (internal/process/task_queues.js:97:5)</failure>
    </testcase>
    <testcase classname="ETL tests File comparison tests of deposit_account file Header of output file &quot;#|YYYYMMDD|no of records ,&quot;" name="ETL tests File comparison tests of deposit_account file Header of output file &quot;#|YYYYMMDD|no of records ,&quot;" time="0">
      <failure>Error: ENOENT: no such file or directory, open
    at Object.openSync (fs.js:462:3)
    at Object.readFileSync (fs.js:364:35)
    at Object.convertTocsv (/Users/shuklaa1/ZafinETL_poc/poc-test-framework-etl-x/blackbox/lib/utils.js:19:8)
    at Object.&lt;anonymous&gt; (/Users/shuklaa1/ZafinETL_poc/poc-test-framework-etl-x/blackbox/test/etlFilesDev.test.js:183:19)
    at Object.asyncJestLifecycle (/Users/shuklaa1/ZafinETL_poc/poc-test-framework-etl-x/blackbox/node_modules/jest-jasmine2/build/jasmineAsyncInstall.js:53:37)
    at /Users/shuklaa1/ZafinETL_poc/poc-test-framework-etl-x/blackbox/node_modules/jest-jasmine2/build/queueRunner.js:45:12
    at new Promise (&lt;anonymous&gt;)
    at mapper (/Users/shuklaa1/ZafinETL_poc/poc-test-framework-etl-x/blackbox/node_modules/jest-jasmine2/build/queueRunner.js:28:19)
    at /Users/shuklaa1/ZafinETL_poc/poc-test-framework-etl-x/blackbox/node_modules/jest-jasmine2/build/queueRunner.js:75:41
    at processTicksAndRejections (internal/process/task_queues.js:97:5)</failure>
      <failure>TypeError: Cannot read property &apos;toString&apos; of undefined
    at Object.&lt;anonymous&gt; (/Users/shuklaa1/ZafinETL_poc/poc-test-framework-etl-x/blackbox/test/etlFilesDev.test.js:209:47)
    at Object.asyncJestTest (/Users/shuklaa1/ZafinETL_poc/poc-test-framework-etl-x/blackbox/node_modules/jest-jasmine2/build/jasmineAsyncInstall.js:100:37)
    at /Users/shuklaa1/ZafinETL_poc/poc-test-framework-etl-x/blackbox/node_modules/jest-jasmine2/build/queueRunner.js:45:12
    at new Promise (&lt;anonymous&gt;)
    at mapper (/Users/shuklaa1/ZafinETL_poc/poc-test-framework-etl-x/blackbox/node_modules/jest-jasmine2/build/queueRunner.js:28:19)
    at /Users/shuklaa1/ZafinETL_poc/poc-test-framework-etl-x/blackbox/node_modules/jest-jasmine2/build/queueRunner.js:75:41
    at processTicksAndRejections (internal/process/task_queues.js:97:5)</failure>
    </testcase>
    <testcase classname="ETL tests File comparison tests of deposit_account file Number of records in Input and output file should be equal" name="ETL tests File comparison tests of deposit_account file Number of records in Input and output file should be equal" time="0.004">
      <failure>Error: ENOENT: no such file or directory, open
    at Object.openSync (fs.js:462:3)
    at Object.readFileSync (fs.js:364:35)
    at Object.convertTocsv (/Users/shuklaa1/ZafinETL_poc/poc-test-framework-etl-x/blackbox/lib/utils.js:19:8)
    at Object.&lt;anonymous&gt; (/Users/shuklaa1/ZafinETL_poc/poc-test-framework-etl-x/blackbox/test/etlFilesDev.test.js:183:19)
    at Object.asyncJestLifecycle (/Users/shuklaa1/ZafinETL_poc/poc-test-framework-etl-x/blackbox/node_modules/jest-jasmine2/build/jasmineAsyncInstall.js:53:37)
    at /Users/shuklaa1/ZafinETL_poc/poc-test-framework-etl-x/blackbox/node_modules/jest-jasmine2/build/queueRunner.js:45:12
    at new Promise (&lt;anonymous&gt;)
    at mapper (/Users/shuklaa1/ZafinETL_poc/poc-test-framework-etl-x/blackbox/node_modules/jest-jasmine2/build/queueRunner.js:28:19)
    at /Users/shuklaa1/ZafinETL_poc/poc-test-framework-etl-x/blackbox/node_modules/jest-jasmine2/build/queueRunner.js:75:41
    at processTicksAndRejections (internal/process/task_queues.js:97:5)</failure>
    </testcase>
    <testcase classname="ETL tests File comparison tests of deposit_account file Number of columns in output file should be eighteen" name="ETL tests File comparison tests of deposit_account file Number of columns in output file should be eighteen" time="0.001">
      <failure>Error: ENOENT: no such file or directory, open
    at Object.openSync (fs.js:462:3)
    at Object.readFileSync (fs.js:364:35)
    at Object.convertTocsv (/Users/shuklaa1/ZafinETL_poc/poc-test-framework-etl-x/blackbox/lib/utils.js:19:8)
    at Object.&lt;anonymous&gt; (/Users/shuklaa1/ZafinETL_poc/poc-test-framework-etl-x/blackbox/test/etlFilesDev.test.js:183:19)
    at Object.asyncJestLifecycle (/Users/shuklaa1/ZafinETL_poc/poc-test-framework-etl-x/blackbox/node_modules/jest-jasmine2/build/jasmineAsyncInstall.js:53:37)
    at /Users/shuklaa1/ZafinETL_poc/poc-test-framework-etl-x/blackbox/node_modules/jest-jasmine2/build/queueRunner.js:45:12
    at new Promise (&lt;anonymous&gt;)
    at mapper (/Users/shuklaa1/ZafinETL_poc/poc-test-framework-etl-x/blackbox/node_modules/jest-jasmine2/build/queueRunner.js:28:19)
    at /Users/shuklaa1/ZafinETL_poc/poc-test-framework-etl-x/blackbox/node_modules/jest-jasmine2/build/queueRunner.js:75:41
    at processTicksAndRejections (internal/process/task_queues.js:97:5)</failure>
      <failure>Error: expect(received).toBeTruthy()

Received: 0
    at Object.&lt;anonymous&gt; (/Users/shuklaa1/ZafinETL_poc/poc-test-framework-etl-x/blackbox/test/etlFilesDev.test.js:227:27)
    at Object.asyncJestTest (/Users/shuklaa1/ZafinETL_poc/poc-test-framework-etl-x/blackbox/node_modules/jest-jasmine2/build/jasmineAsyncInstall.js:100:37)
    at /Users/shuklaa1/ZafinETL_poc/poc-test-framework-etl-x/blackbox/node_modules/jest-jasmine2/build/queueRunner.js:45:12
    at new Promise (&lt;anonymous&gt;)
    at mapper (/Users/shuklaa1/ZafinETL_poc/poc-test-framework-etl-x/blackbox/node_modules/jest-jasmine2/build/queueRunner.js:28:19)
    at /Users/shuklaa1/ZafinETL_poc/poc-test-framework-etl-x/blackbox/node_modules/jest-jasmine2/build/queueRunner.js:75:41
    at processTicksAndRejections (internal/process/task_queues.js:97:5)</failure>
    </testcase>
    <testcase classname="ETL tests File comparison tests of deposit_account file mapping of input file to output file should be correct:
          X784219_KEY	--&gt; ACCOUNT IDENTIFIER_
          X784219_PRDCT_CODE	--&gt; PRODUCT CODE_
          X784219_ACT_STATUS	--&gt; STATUS_
          X784219_DATE_OPENED	--&gt; OPENING DATE_
          X784219_DATE_CLOSED	--&gt; CLOSING DATE_
          X784219_BSB	--&gt; BRANCH IDENTIFIER_
          X784219_AU_ATO_ACCOUNT_TYPE	--&gt; RETIREMENT ACCOUNT_
          X784219_SV_CHG_CYCLE_CODE	--&gt; DAY OF THE MONTH_
          X784219_DATE_LAST_SUBPRDCT_CHG --&gt;	LAST CONVERSION DATE_" name="ETL tests File comparison tests of deposit_account file mapping of input file to output file should be correct:
          X784219_KEY	--&gt; ACCOUNT IDENTIFIER_
          X784219_PRDCT_CODE	--&gt; PRODUCT CODE_
          X784219_ACT_STATUS	--&gt; STATUS_
          X784219_DATE_OPENED	--&gt; OPENING DATE_
          X784219_DATE_CLOSED	--&gt; CLOSING DATE_
          X784219_BSB	--&gt; BRANCH IDENTIFIER_
          X784219_AU_ATO_ACCOUNT_TYPE	--&gt; RETIREMENT ACCOUNT_
          X784219_SV_CHG_CYCLE_CODE	--&gt; DAY OF THE MONTH_
          X784219_DATE_LAST_SUBPRDCT_CHG --&gt;	LAST CONVERSION DATE_" time="0">
      <failure>Error: ENOENT: no such file or directory, open
    at Object.openSync (fs.js:462:3)
    at Object.readFileSync (fs.js:364:35)
    at Object.convertTocsv (/Users/shuklaa1/ZafinETL_poc/poc-test-framework-etl-x/blackbox/lib/utils.js:19:8)
    at Object.&lt;anonymous&gt; (/Users/shuklaa1/ZafinETL_poc/poc-test-framework-etl-x/blackbox/test/etlFilesDev.test.js:183:19)
    at Object.asyncJestLifecycle (/Users/shuklaa1/ZafinETL_poc/poc-test-framework-etl-x/blackbox/node_modules/jest-jasmine2/build/jasmineAsyncInstall.js:53:37)
    at /Users/shuklaa1/ZafinETL_poc/poc-test-framework-etl-x/blackbox/node_modules/jest-jasmine2/build/queueRunner.js:45:12
    at new Promise (&lt;anonymous&gt;)
    at mapper (/Users/shuklaa1/ZafinETL_poc/poc-test-framework-etl-x/blackbox/node_modules/jest-jasmine2/build/queueRunner.js:28:19)
    at /Users/shuklaa1/ZafinETL_poc/poc-test-framework-etl-x/blackbox/node_modules/jest-jasmine2/build/queueRunner.js:75:41
    at processTicksAndRejections (internal/process/task_queues.js:97:5)</failure>
      <failure>Error: expect(received).toBeTruthy()

Received: undefined
    at Object.&lt;anonymous&gt; (/Users/shuklaa1/ZafinETL_poc/poc-test-framework-etl-x/blackbox/test/etlFilesDev.test.js:247:28)
    at Object.asyncJestTest (/Users/shuklaa1/ZafinETL_poc/poc-test-framework-etl-x/blackbox/node_modules/jest-jasmine2/build/jasmineAsyncInstall.js:100:37)
    at /Users/shuklaa1/ZafinETL_poc/poc-test-framework-etl-x/blackbox/node_modules/jest-jasmine2/build/queueRunner.js:45:12
    at new Promise (&lt;anonymous&gt;)
    at mapper (/Users/shuklaa1/ZafinETL_poc/poc-test-framework-etl-x/blackbox/node_modules/jest-jasmine2/build/queueRunner.js:28:19)
    at /Users/shuklaa1/ZafinETL_poc/poc-test-framework-etl-x/blackbox/node_modules/jest-jasmine2/build/queueRunner.js:75:41
    at processTicksAndRejections (internal/process/task_queues.js:97:5)</failure>
    </testcase>
    <testcase classname="ETL tests File comparison tests of deposit_account file Unmapped columns of output file should be blank:
          FIRST FINANCIAL ACTIVITY DATE_
          OVERDRAWN DATE_
          PAYROLL ACCOUNT_
          ACCOUNT COHORT_
          ACCOUNT CYCLE END DATE_
          GOOD STANDING_
          REGION CODE_
          PRODUCT CODE_" name="ETL tests File comparison tests of deposit_account file Unmapped columns of output file should be blank:
          FIRST FINANCIAL ACTIVITY DATE_
          OVERDRAWN DATE_
          PAYROLL ACCOUNT_
          ACCOUNT COHORT_
          ACCOUNT CYCLE END DATE_
          GOOD STANDING_
          REGION CODE_
          PRODUCT CODE_" time="0">
      <failure>Error: ENOENT: no such file or directory, open
    at Object.openSync (fs.js:462:3)
    at Object.readFileSync (fs.js:364:35)
    at Object.convertTocsv (/Users/shuklaa1/ZafinETL_poc/poc-test-framework-etl-x/blackbox/lib/utils.js:19:8)
    at Object.&lt;anonymous&gt; (/Users/shuklaa1/ZafinETL_poc/poc-test-framework-etl-x/blackbox/test/etlFilesDev.test.js:183:19)
    at Object.asyncJestLifecycle (/Users/shuklaa1/ZafinETL_poc/poc-test-framework-etl-x/blackbox/node_modules/jest-jasmine2/build/jasmineAsyncInstall.js:53:37)
    at /Users/shuklaa1/ZafinETL_poc/poc-test-framework-etl-x/blackbox/node_modules/jest-jasmine2/build/queueRunner.js:45:12
    at new Promise (&lt;anonymous&gt;)
    at mapper (/Users/shuklaa1/ZafinETL_poc/poc-test-framework-etl-x/blackbox/node_modules/jest-jasmine2/build/queueRunner.js:28:19)
    at /Users/shuklaa1/ZafinETL_poc/poc-test-framework-etl-x/blackbox/node_modules/jest-jasmine2/build/queueRunner.js:75:41
    at processTicksAndRejections (internal/process/task_queues.js:97:5)</failure>
    </testcase>
    <testcase classname="ETL tests File comparison tests of account-customer-relationship file date format in output header should be YYYYMMDD" name="ETL tests File comparison tests of account-customer-relationship file date format in output header should be YYYYMMDD" time="0">
      <failure>Error: ENOENT: no such file or directory, open
    at Object.openSync (fs.js:462:3)
    at Object.readFileSync (fs.js:364:35)
    at Object.convertTocsv (/Users/shuklaa1/ZafinETL_poc/poc-test-framework-etl-x/blackbox/lib/utils.js:19:8)
    at Object.&lt;anonymous&gt; (/Users/shuklaa1/ZafinETL_poc/poc-test-framework-etl-x/blackbox/test/etlFilesDev.test.js:279:19)
    at Object.asyncJestLifecycle (/Users/shuklaa1/ZafinETL_poc/poc-test-framework-etl-x/blackbox/node_modules/jest-jasmine2/build/jasmineAsyncInstall.js:53:37)
    at /Users/shuklaa1/ZafinETL_poc/poc-test-framework-etl-x/blackbox/node_modules/jest-jasmine2/build/queueRunner.js:45:12
    at new Promise (&lt;anonymous&gt;)
    at mapper (/Users/shuklaa1/ZafinETL_poc/poc-test-framework-etl-x/blackbox/node_modules/jest-jasmine2/build/queueRunner.js:28:19)
    at /Users/shuklaa1/ZafinETL_poc/poc-test-framework-etl-x/blackbox/node_modules/jest-jasmine2/build/queueRunner.js:75:41
    at processTicksAndRejections (internal/process/task_queues.js:97:5)</failure>
      <failure>TypeError: Cannot read property &apos;1&apos; of undefined
    at Object.&lt;anonymous&gt; (/Users/shuklaa1/ZafinETL_poc/poc-test-framework-etl-x/blackbox/test/etlFilesDev.test.js:298:45)
    at Object.asyncJestTest (/Users/shuklaa1/ZafinETL_poc/poc-test-framework-etl-x/blackbox/node_modules/jest-jasmine2/build/jasmineAsyncInstall.js:100:37)
    at /Users/shuklaa1/ZafinETL_poc/poc-test-framework-etl-x/blackbox/node_modules/jest-jasmine2/build/queueRunner.js:45:12
    at new Promise (&lt;anonymous&gt;)
    at mapper (/Users/shuklaa1/ZafinETL_poc/poc-test-framework-etl-x/blackbox/node_modules/jest-jasmine2/build/queueRunner.js:28:19)
    at /Users/shuklaa1/ZafinETL_poc/poc-test-framework-etl-x/blackbox/node_modules/jest-jasmine2/build/queueRunner.js:75:41
    at processTicksAndRejections (internal/process/task_queues.js:97:5)</failure>
    </testcase>
    <testcase classname="ETL tests File comparison tests of account-customer-relationship file Header of output file &quot;#|YYYYMMDD|no of records ,&quot;" name="ETL tests File comparison tests of account-customer-relationship file Header of output file &quot;#|YYYYMMDD|no of records ,&quot;" time="0.001">
      <failure>Error: ENOENT: no such file or directory, open
    at Object.openSync (fs.js:462:3)
    at Object.readFileSync (fs.js:364:35)
    at Object.convertTocsv (/Users/shuklaa1/ZafinETL_poc/poc-test-framework-etl-x/blackbox/lib/utils.js:19:8)
    at Object.&lt;anonymous&gt; (/Users/shuklaa1/ZafinETL_poc/poc-test-framework-etl-x/blackbox/test/etlFilesDev.test.js:279:19)
    at Object.asyncJestLifecycle (/Users/shuklaa1/ZafinETL_poc/poc-test-framework-etl-x/blackbox/node_modules/jest-jasmine2/build/jasmineAsyncInstall.js:53:37)
    at /Users/shuklaa1/ZafinETL_poc/poc-test-framework-etl-x/blackbox/node_modules/jest-jasmine2/build/queueRunner.js:45:12
    at new Promise (&lt;anonymous&gt;)
    at mapper (/Users/shuklaa1/ZafinETL_poc/poc-test-framework-etl-x/blackbox/node_modules/jest-jasmine2/build/queueRunner.js:28:19)
    at /Users/shuklaa1/ZafinETL_poc/poc-test-framework-etl-x/blackbox/node_modules/jest-jasmine2/build/queueRunner.js:75:41
    at processTicksAndRejections (internal/process/task_queues.js:97:5)</failure>
      <failure>TypeError: Cannot read property &apos;toString&apos; of undefined
    at Object.&lt;anonymous&gt; (/Users/shuklaa1/ZafinETL_poc/poc-test-framework-etl-x/blackbox/test/etlFilesDev.test.js:303:47)
    at Object.asyncJestTest (/Users/shuklaa1/ZafinETL_poc/poc-test-framework-etl-x/blackbox/node_modules/jest-jasmine2/build/jasmineAsyncInstall.js:100:37)
    at /Users/shuklaa1/ZafinETL_poc/poc-test-framework-etl-x/blackbox/node_modules/jest-jasmine2/build/queueRunner.js:45:12
    at new Promise (&lt;anonymous&gt;)
    at mapper (/Users/shuklaa1/ZafinETL_poc/poc-test-framework-etl-x/blackbox/node_modules/jest-jasmine2/build/queueRunner.js:28:19)
    at /Users/shuklaa1/ZafinETL_poc/poc-test-framework-etl-x/blackbox/node_modules/jest-jasmine2/build/queueRunner.js:75:41
    at processTicksAndRejections (internal/process/task_queues.js:97:5)</failure>
    </testcase>
    <testcase classname="ETL tests File comparison tests of account-customer-relationship file Number of records in Input and output file should be equal" name="ETL tests File comparison tests of account-customer-relationship file Number of records in Input and output file should be equal" time="0">
      <failure>Error: ENOENT: no such file or directory, open
    at Object.openSync (fs.js:462:3)
    at Object.readFileSync (fs.js:364:35)
    at Object.convertTocsv (/Users/shuklaa1/ZafinETL_poc/poc-test-framework-etl-x/blackbox/lib/utils.js:19:8)
    at Object.&lt;anonymous&gt; (/Users/shuklaa1/ZafinETL_poc/poc-test-framework-etl-x/blackbox/test/etlFilesDev.test.js:279:19)
    at Object.asyncJestLifecycle (/Users/shuklaa1/ZafinETL_poc/poc-test-framework-etl-x/blackbox/node_modules/jest-jasmine2/build/jasmineAsyncInstall.js:53:37)
    at /Users/shuklaa1/ZafinETL_poc/poc-test-framework-etl-x/blackbox/node_modules/jest-jasmine2/build/queueRunner.js:45:12
    at new Promise (&lt;anonymous&gt;)
    at mapper (/Users/shuklaa1/ZafinETL_poc/poc-test-framework-etl-x/blackbox/node_modules/jest-jasmine2/build/queueRunner.js:28:19)
    at /Users/shuklaa1/ZafinETL_poc/poc-test-framework-etl-x/blackbox/node_modules/jest-jasmine2/build/queueRunner.js:75:41
    at processTicksAndRejections (internal/process/task_queues.js:97:5)</failure>
    </testcase>
    <testcase classname="ETL tests File comparison tests of account-customer-relationship file Number of columns in output file should be three" name="ETL tests File comparison tests of account-customer-relationship file Number of columns in output file should be three" time="0">
      <failure>Error: ENOENT: no such file or directory, open
    at Object.openSync (fs.js:462:3)
    at Object.readFileSync (fs.js:364:35)
    at Object.convertTocsv (/Users/shuklaa1/ZafinETL_poc/poc-test-framework-etl-x/blackbox/lib/utils.js:19:8)
    at Object.&lt;anonymous&gt; (/Users/shuklaa1/ZafinETL_poc/poc-test-framework-etl-x/blackbox/test/etlFilesDev.test.js:279:19)
    at Object.asyncJestLifecycle (/Users/shuklaa1/ZafinETL_poc/poc-test-framework-etl-x/blackbox/node_modules/jest-jasmine2/build/jasmineAsyncInstall.js:53:37)
    at /Users/shuklaa1/ZafinETL_poc/poc-test-framework-etl-x/blackbox/node_modules/jest-jasmine2/build/queueRunner.js:45:12
    at new Promise (&lt;anonymous&gt;)
    at mapper (/Users/shuklaa1/ZafinETL_poc/poc-test-framework-etl-x/blackbox/node_modules/jest-jasmine2/build/queueRunner.js:28:19)
    at /Users/shuklaa1/ZafinETL_poc/poc-test-framework-etl-x/blackbox/node_modules/jest-jasmine2/build/queueRunner.js:75:41
    at processTicksAndRejections (internal/process/task_queues.js:97:5)</failure>
      <failure>Error: expect(received).toBeTruthy()

Received: 0
    at Object.&lt;anonymous&gt; (/Users/shuklaa1/ZafinETL_poc/poc-test-framework-etl-x/blackbox/test/etlFilesDev.test.js:323:27)
    at Object.asyncJestTest (/Users/shuklaa1/ZafinETL_poc/poc-test-framework-etl-x/blackbox/node_modules/jest-jasmine2/build/jasmineAsyncInstall.js:100:37)
    at /Users/shuklaa1/ZafinETL_poc/poc-test-framework-etl-x/blackbox/node_modules/jest-jasmine2/build/queueRunner.js:45:12
    at new Promise (&lt;anonymous&gt;)
    at mapper (/Users/shuklaa1/ZafinETL_poc/poc-test-framework-etl-x/blackbox/node_modules/jest-jasmine2/build/queueRunner.js:28:19)
    at /Users/shuklaa1/ZafinETL_poc/poc-test-framework-etl-x/blackbox/node_modules/jest-jasmine2/build/queueRunner.js:75:41
    at processTicksAndRejections (internal/process/task_queues.js:97:5)</failure>
    </testcase>
    <testcase classname="ETL tests File comparison tests of account-customer-relationship file mapping of input file to output file should be correct:Party Relationship Role - SOL -&gt; SOLE, COO -&gt; NON_PRIMARY, COF -&gt; NON_PRIMARY , PRI-&gt;PRIMARY " name="ETL tests File comparison tests of account-customer-relationship file mapping of input file to output file should be correct:Party Relationship Role - SOL -&gt; SOLE, COO -&gt; NON_PRIMARY, COF -&gt; NON_PRIMARY , PRI-&gt;PRIMARY " time="0.001">
      <failure>Error: ENOENT: no such file or directory, open
    at Object.openSync (fs.js:462:3)
    at Object.readFileSync (fs.js:364:35)
    at Object.convertTocsv (/Users/shuklaa1/ZafinETL_poc/poc-test-framework-etl-x/blackbox/lib/utils.js:19:8)
    at Object.&lt;anonymous&gt; (/Users/shuklaa1/ZafinETL_poc/poc-test-framework-etl-x/blackbox/test/etlFilesDev.test.js:279:19)
    at Object.asyncJestLifecycle (/Users/shuklaa1/ZafinETL_poc/poc-test-framework-etl-x/blackbox/node_modules/jest-jasmine2/build/jasmineAsyncInstall.js:53:37)
    at /Users/shuklaa1/ZafinETL_poc/poc-test-framework-etl-x/blackbox/node_modules/jest-jasmine2/build/queueRunner.js:45:12
    at new Promise (&lt;anonymous&gt;)
    at mapper (/Users/shuklaa1/ZafinETL_poc/poc-test-framework-etl-x/blackbox/node_modules/jest-jasmine2/build/queueRunner.js:28:19)
    at /Users/shuklaa1/ZafinETL_poc/poc-test-framework-etl-x/blackbox/node_modules/jest-jasmine2/build/queueRunner.js:75:41
    at processTicksAndRejections (internal/process/task_queues.js:97:5)</failure>
      <failure>Error: expect(received).toBeTruthy()

Received: undefined
    at Object.&lt;anonymous&gt; (/Users/shuklaa1/ZafinETL_poc/poc-test-framework-etl-x/blackbox/test/etlFilesDev.test.js:334:28)
    at Object.asyncJestTest (/Users/shuklaa1/ZafinETL_poc/poc-test-framework-etl-x/blackbox/node_modules/jest-jasmine2/build/jasmineAsyncInstall.js:100:37)
    at /Users/shuklaa1/ZafinETL_poc/poc-test-framework-etl-x/blackbox/node_modules/jest-jasmine2/build/queueRunner.js:45:12
    at new Promise (&lt;anonymous&gt;)
    at mapper (/Users/shuklaa1/ZafinETL_poc/poc-test-framework-etl-x/blackbox/node_modules/jest-jasmine2/build/queueRunner.js:28:19)
    at /Users/shuklaa1/ZafinETL_poc/poc-test-framework-etl-x/blackbox/node_modules/jest-jasmine2/build/queueRunner.js:75:41
    at processTicksAndRejections (internal/process/task_queues.js:97:5)</failure>
    </testcase>
    <testcase classname="ETL tests File comparison tests of account-customer-relationship file mandatory columns of the file should be populated" name="ETL tests File comparison tests of account-customer-relationship file mandatory columns of the file should be populated" time="0">
      <failure>Error: ENOENT: no such file or directory, open
    at Object.openSync (fs.js:462:3)
    at Object.readFileSync (fs.js:364:35)
    at Object.convertTocsv (/Users/shuklaa1/ZafinETL_poc/poc-test-framework-etl-x/blackbox/lib/utils.js:19:8)
    at Object.&lt;anonymous&gt; (/Users/shuklaa1/ZafinETL_poc/poc-test-framework-etl-x/blackbox/test/etlFilesDev.test.js:279:19)
    at Object.asyncJestLifecycle (/Users/shuklaa1/ZafinETL_poc/poc-test-framework-etl-x/blackbox/node_modules/jest-jasmine2/build/jasmineAsyncInstall.js:53:37)
    at /Users/shuklaa1/ZafinETL_poc/poc-test-framework-etl-x/blackbox/node_modules/jest-jasmine2/build/queueRunner.js:45:12
    at new Promise (&lt;anonymous&gt;)
    at mapper (/Users/shuklaa1/ZafinETL_poc/poc-test-framework-etl-x/blackbox/node_modules/jest-jasmine2/build/queueRunner.js:28:19)
    at /Users/shuklaa1/ZafinETL_poc/poc-test-framework-etl-x/blackbox/node_modules/jest-jasmine2/build/queueRunner.js:75:41
    at processTicksAndRejections (internal/process/task_queues.js:97:5)</failure>
    </testcase>
    <testcase classname="ETL tests File comparison tests of empty input file date format in output header should be YYYYMMDD" name="ETL tests File comparison tests of empty input file date format in output header should be YYYYMMDD" time="0.001">
      <failure>Error: ENOENT: no such file or directory, open
    at Object.openSync (fs.js:462:3)
    at Object.readFileSync (fs.js:364:35)
    at Object.convertTocsv (/Users/shuklaa1/ZafinETL_poc/poc-test-framework-etl-x/blackbox/lib/utils.js:19:8)
    at Object.&lt;anonymous&gt; (/Users/shuklaa1/ZafinETL_poc/poc-test-framework-etl-x/blackbox/test/etlFilesDev.test.js:359:19)
    at Object.asyncJestLifecycle (/Users/shuklaa1/ZafinETL_poc/poc-test-framework-etl-x/blackbox/node_modules/jest-jasmine2/build/jasmineAsyncInstall.js:53:37)
    at /Users/shuklaa1/ZafinETL_poc/poc-test-framework-etl-x/blackbox/node_modules/jest-jasmine2/build/queueRunner.js:45:12
    at new Promise (&lt;anonymous&gt;)
    at mapper (/Users/shuklaa1/ZafinETL_poc/poc-test-framework-etl-x/blackbox/node_modules/jest-jasmine2/build/queueRunner.js:28:19)
    at /Users/shuklaa1/ZafinETL_poc/poc-test-framework-etl-x/blackbox/node_modules/jest-jasmine2/build/queueRunner.js:75:41
    at processTicksAndRejections (internal/process/task_queues.js:97:5)</failure>
      <failure>TypeError: Cannot read property &apos;1&apos; of undefined
    at Object.&lt;anonymous&gt; (/Users/shuklaa1/ZafinETL_poc/poc-test-framework-etl-x/blackbox/test/etlFilesDev.test.js:376:45)
    at Object.asyncJestTest (/Users/shuklaa1/ZafinETL_poc/poc-test-framework-etl-x/blackbox/node_modules/jest-jasmine2/build/jasmineAsyncInstall.js:100:37)
    at /Users/shuklaa1/ZafinETL_poc/poc-test-framework-etl-x/blackbox/node_modules/jest-jasmine2/build/queueRunner.js:45:12
    at new Promise (&lt;anonymous&gt;)
    at mapper (/Users/shuklaa1/ZafinETL_poc/poc-test-framework-etl-x/blackbox/node_modules/jest-jasmine2/build/queueRunner.js:28:19)
    at /Users/shuklaa1/ZafinETL_poc/poc-test-framework-etl-x/blackbox/node_modules/jest-jasmine2/build/queueRunner.js:75:41
    at processTicksAndRejections (internal/process/task_queues.js:97:5)</failure>
    </testcase>
    <testcase classname="ETL tests File comparison tests of empty input file Header of output file &quot;#|YYYYMMDD|no of records ,&quot;" name="ETL tests File comparison tests of empty input file Header of output file &quot;#|YYYYMMDD|no of records ,&quot;" time="0">
      <failure>Error: ENOENT: no such file or directory, open
    at Object.openSync (fs.js:462:3)
    at Object.readFileSync (fs.js:364:35)
    at Object.convertTocsv (/Users/shuklaa1/ZafinETL_poc/poc-test-framework-etl-x/blackbox/lib/utils.js:19:8)
    at Object.&lt;anonymous&gt; (/Users/shuklaa1/ZafinETL_poc/poc-test-framework-etl-x/blackbox/test/etlFilesDev.test.js:359:19)
    at Object.asyncJestLifecycle (/Users/shuklaa1/ZafinETL_poc/poc-test-framework-etl-x/blackbox/node_modules/jest-jasmine2/build/jasmineAsyncInstall.js:53:37)
    at /Users/shuklaa1/ZafinETL_poc/poc-test-framework-etl-x/blackbox/node_modules/jest-jasmine2/build/queueRunner.js:45:12
    at new Promise (&lt;anonymous&gt;)
    at mapper (/Users/shuklaa1/ZafinETL_poc/poc-test-framework-etl-x/blackbox/node_modules/jest-jasmine2/build/queueRunner.js:28:19)
    at /Users/shuklaa1/ZafinETL_poc/poc-test-framework-etl-x/blackbox/node_modules/jest-jasmine2/build/queueRunner.js:75:41
    at processTicksAndRejections (internal/process/task_queues.js:97:5)</failure>
      <failure>TypeError: Cannot read property &apos;toString&apos; of undefined
    at Object.&lt;anonymous&gt; (/Users/shuklaa1/ZafinETL_poc/poc-test-framework-etl-x/blackbox/test/etlFilesDev.test.js:381:47)
    at Object.asyncJestTest (/Users/shuklaa1/ZafinETL_poc/poc-test-framework-etl-x/blackbox/node_modules/jest-jasmine2/build/jasmineAsyncInstall.js:100:37)
    at /Users/shuklaa1/ZafinETL_poc/poc-test-framework-etl-x/blackbox/node_modules/jest-jasmine2/build/queueRunner.js:45:12
    at new Promise (&lt;anonymous&gt;)
    at mapper (/Users/shuklaa1/ZafinETL_poc/poc-test-framework-etl-x/blackbox/node_modules/jest-jasmine2/build/queueRunner.js:28:19)
    at /Users/shuklaa1/ZafinETL_poc/poc-test-framework-etl-x/blackbox/node_modules/jest-jasmine2/build/queueRunner.js:75:41
    at processTicksAndRejections (internal/process/task_queues.js:97:5)</failure>
    </testcase>
    <testcase classname="ETL tests File comparison tests of empty input file Number of records in Input and output file should be 0" name="ETL tests File comparison tests of empty input file Number of records in Input and output file should be 0" time="0">
      <failure>Error: ENOENT: no such file or directory, open
    at Object.openSync (fs.js:462:3)
    at Object.readFileSync (fs.js:364:35)
    at Object.convertTocsv (/Users/shuklaa1/ZafinETL_poc/poc-test-framework-etl-x/blackbox/lib/utils.js:19:8)
    at Object.&lt;anonymous&gt; (/Users/shuklaa1/ZafinETL_poc/poc-test-framework-etl-x/blackbox/test/etlFilesDev.test.js:359:19)
    at Object.asyncJestLifecycle (/Users/shuklaa1/ZafinETL_poc/poc-test-framework-etl-x/blackbox/node_modules/jest-jasmine2/build/jasmineAsyncInstall.js:53:37)
    at /Users/shuklaa1/ZafinETL_poc/poc-test-framework-etl-x/blackbox/node_modules/jest-jasmine2/build/queueRunner.js:45:12
    at new Promise (&lt;anonymous&gt;)
    at mapper (/Users/shuklaa1/ZafinETL_poc/poc-test-framework-etl-x/blackbox/node_modules/jest-jasmine2/build/queueRunner.js:28:19)
    at /Users/shuklaa1/ZafinETL_poc/poc-test-framework-etl-x/blackbox/node_modules/jest-jasmine2/build/queueRunner.js:75:41
    at processTicksAndRejections (internal/process/task_queues.js:97:5)</failure>
    </testcase>
    <testcase classname="ETL tests File comparison tests of Account Balance information file date format in output header should be YYYYMMDD" name="ETL tests File comparison tests of Account Balance information file date format in output header should be YYYYMMDD" time="0">
      <failure>Error: ENOENT: no such file or directory, open
    at Object.openSync (fs.js:462:3)
    at Object.readFileSync (fs.js:364:35)
    at Object.convertTocsv (/Users/shuklaa1/ZafinETL_poc/poc-test-framework-etl-x/blackbox/lib/utils.js:19:8)
    at Object.&lt;anonymous&gt; (/Users/shuklaa1/ZafinETL_poc/poc-test-framework-etl-x/blackbox/test/etlFilesDev.test.js:409:19)
    at Object.asyncJestLifecycle (/Users/shuklaa1/ZafinETL_poc/poc-test-framework-etl-x/blackbox/node_modules/jest-jasmine2/build/jasmineAsyncInstall.js:53:37)
    at /Users/shuklaa1/ZafinETL_poc/poc-test-framework-etl-x/blackbox/node_modules/jest-jasmine2/build/queueRunner.js:45:12
    at new Promise (&lt;anonymous&gt;)
    at mapper (/Users/shuklaa1/ZafinETL_poc/poc-test-framework-etl-x/blackbox/node_modules/jest-jasmine2/build/queueRunner.js:28:19)
    at /Users/shuklaa1/ZafinETL_poc/poc-test-framework-etl-x/blackbox/node_modules/jest-jasmine2/build/queueRunner.js:75:41
    at processTicksAndRejections (internal/process/task_queues.js:97:5)</failure>
      <failure>TypeError: Cannot read property &apos;1&apos; of undefined
    at Object.&lt;anonymous&gt; (/Users/shuklaa1/ZafinETL_poc/poc-test-framework-etl-x/blackbox/test/etlFilesDev.test.js:429:45)
    at Object.asyncJestTest (/Users/shuklaa1/ZafinETL_poc/poc-test-framework-etl-x/blackbox/node_modules/jest-jasmine2/build/jasmineAsyncInstall.js:100:37)
    at /Users/shuklaa1/ZafinETL_poc/poc-test-framework-etl-x/blackbox/node_modules/jest-jasmine2/build/queueRunner.js:45:12
    at new Promise (&lt;anonymous&gt;)
    at mapper (/Users/shuklaa1/ZafinETL_poc/poc-test-framework-etl-x/blackbox/node_modules/jest-jasmine2/build/queueRunner.js:28:19)
    at /Users/shuklaa1/ZafinETL_poc/poc-test-framework-etl-x/blackbox/node_modules/jest-jasmine2/build/queueRunner.js:75:41
    at processTicksAndRejections (internal/process/task_queues.js:97:5)</failure>
    </testcase>
    <testcase classname="ETL tests File comparison tests of Account Balance information file Header of output file &quot;#|YYYYMMDD|no of records ,&quot;" name="ETL tests File comparison tests of Account Balance information file Header of output file &quot;#|YYYYMMDD|no of records ,&quot;" time="0">
      <failure>Error: ENOENT: no such file or directory, open
    at Object.openSync (fs.js:462:3)
    at Object.readFileSync (fs.js:364:35)
    at Object.convertTocsv (/Users/shuklaa1/ZafinETL_poc/poc-test-framework-etl-x/blackbox/lib/utils.js:19:8)
    at Object.&lt;anonymous&gt; (/Users/shuklaa1/ZafinETL_poc/poc-test-framework-etl-x/blackbox/test/etlFilesDev.test.js:409:19)
    at Object.asyncJestLifecycle (/Users/shuklaa1/ZafinETL_poc/poc-test-framework-etl-x/blackbox/node_modules/jest-jasmine2/build/jasmineAsyncInstall.js:53:37)
    at /Users/shuklaa1/ZafinETL_poc/poc-test-framework-etl-x/blackbox/node_modules/jest-jasmine2/build/queueRunner.js:45:12
    at new Promise (&lt;anonymous&gt;)
    at mapper (/Users/shuklaa1/ZafinETL_poc/poc-test-framework-etl-x/blackbox/node_modules/jest-jasmine2/build/queueRunner.js:28:19)
    at /Users/shuklaa1/ZafinETL_poc/poc-test-framework-etl-x/blackbox/node_modules/jest-jasmine2/build/queueRunner.js:75:41
    at processTicksAndRejections (internal/process/task_queues.js:97:5)</failure>
      <failure>TypeError: Cannot read property &apos;toString&apos; of undefined
    at Object.&lt;anonymous&gt; (/Users/shuklaa1/ZafinETL_poc/poc-test-framework-etl-x/blackbox/test/etlFilesDev.test.js:434:47)
    at Object.asyncJestTest (/Users/shuklaa1/ZafinETL_poc/poc-test-framework-etl-x/blackbox/node_modules/jest-jasmine2/build/jasmineAsyncInstall.js:100:37)
    at /Users/shuklaa1/ZafinETL_poc/poc-test-framework-etl-x/blackbox/node_modules/jest-jasmine2/build/queueRunner.js:45:12
    at new Promise (&lt;anonymous&gt;)
    at mapper (/Users/shuklaa1/ZafinETL_poc/poc-test-framework-etl-x/blackbox/node_modules/jest-jasmine2/build/queueRunner.js:28:19)
    at /Users/shuklaa1/ZafinETL_poc/poc-test-framework-etl-x/blackbox/node_modules/jest-jasmine2/build/queueRunner.js:75:41
    at processTicksAndRejections (internal/process/task_queues.js:97:5)</failure>
    </testcase>
    <testcase classname="ETL tests File comparison tests of Account Balance information file Number of records in Input and output file should be equal" name="ETL tests File comparison tests of Account Balance information file Number of records in Input and output file should be equal" time="0.001">
      <failure>Error: ENOENT: no such file or directory, open
    at Object.openSync (fs.js:462:3)
    at Object.readFileSync (fs.js:364:35)
    at Object.convertTocsv (/Users/shuklaa1/ZafinETL_poc/poc-test-framework-etl-x/blackbox/lib/utils.js:19:8)
    at Object.&lt;anonymous&gt; (/Users/shuklaa1/ZafinETL_poc/poc-test-framework-etl-x/blackbox/test/etlFilesDev.test.js:409:19)
    at Object.asyncJestLifecycle (/Users/shuklaa1/ZafinETL_poc/poc-test-framework-etl-x/blackbox/node_modules/jest-jasmine2/build/jasmineAsyncInstall.js:53:37)
    at /Users/shuklaa1/ZafinETL_poc/poc-test-framework-etl-x/blackbox/node_modules/jest-jasmine2/build/queueRunner.js:45:12
    at new Promise (&lt;anonymous&gt;)
    at mapper (/Users/shuklaa1/ZafinETL_poc/poc-test-framework-etl-x/blackbox/node_modules/jest-jasmine2/build/queueRunner.js:28:19)
    at /Users/shuklaa1/ZafinETL_poc/poc-test-framework-etl-x/blackbox/node_modules/jest-jasmine2/build/queueRunner.js:75:41
    at processTicksAndRejections (internal/process/task_queues.js:97:5)</failure>
    </testcase>
    <testcase classname="ETL tests File comparison tests of Account Balance information file Number of columns in output file should be 6" name="ETL tests File comparison tests of Account Balance information file Number of columns in output file should be 6" time="0">
      <failure>Error: ENOENT: no such file or directory, open
    at Object.openSync (fs.js:462:3)
    at Object.readFileSync (fs.js:364:35)
    at Object.convertTocsv (/Users/shuklaa1/ZafinETL_poc/poc-test-framework-etl-x/blackbox/lib/utils.js:19:8)
    at Object.&lt;anonymous&gt; (/Users/shuklaa1/ZafinETL_poc/poc-test-framework-etl-x/blackbox/test/etlFilesDev.test.js:409:19)
    at Object.asyncJestLifecycle (/Users/shuklaa1/ZafinETL_poc/poc-test-framework-etl-x/blackbox/node_modules/jest-jasmine2/build/jasmineAsyncInstall.js:53:37)
    at /Users/shuklaa1/ZafinETL_poc/poc-test-framework-etl-x/blackbox/node_modules/jest-jasmine2/build/queueRunner.js:45:12
    at new Promise (&lt;anonymous&gt;)
    at mapper (/Users/shuklaa1/ZafinETL_poc/poc-test-framework-etl-x/blackbox/node_modules/jest-jasmine2/build/queueRunner.js:28:19)
    at /Users/shuklaa1/ZafinETL_poc/poc-test-framework-etl-x/blackbox/node_modules/jest-jasmine2/build/queueRunner.js:75:41
    at processTicksAndRejections (internal/process/task_queues.js:97:5)</failure>
      <failure>Error: expect(received).toBeTruthy()

Received: 0
    at Object.&lt;anonymous&gt; (/Users/shuklaa1/ZafinETL_poc/poc-test-framework-etl-x/blackbox/test/etlFilesDev.test.js:453:27)
    at Object.asyncJestTest (/Users/shuklaa1/ZafinETL_poc/poc-test-framework-etl-x/blackbox/node_modules/jest-jasmine2/build/jasmineAsyncInstall.js:100:37)
    at /Users/shuklaa1/ZafinETL_poc/poc-test-framework-etl-x/blackbox/node_modules/jest-jasmine2/build/queueRunner.js:45:12
    at new Promise (&lt;anonymous&gt;)
    at mapper (/Users/shuklaa1/ZafinETL_poc/poc-test-framework-etl-x/blackbox/node_modules/jest-jasmine2/build/queueRunner.js:28:19)
    at /Users/shuklaa1/ZafinETL_poc/poc-test-framework-etl-x/blackbox/node_modules/jest-jasmine2/build/queueRunner.js:75:41
    at processTicksAndRejections (internal/process/task_queues.js:97:5)</failure>
    </testcase>
    <testcase classname="ETL tests File comparison tests of Account Balance information file mapping of input file to output file should be correct" name="ETL tests File comparison tests of Account Balance information file mapping of input file to output file should be correct" time="0.001">
      <failure>Error: ENOENT: no such file or directory, open
    at Object.openSync (fs.js:462:3)
    at Object.readFileSync (fs.js:364:35)
    at Object.convertTocsv (/Users/shuklaa1/ZafinETL_poc/poc-test-framework-etl-x/blackbox/lib/utils.js:19:8)
    at Object.&lt;anonymous&gt; (/Users/shuklaa1/ZafinETL_poc/poc-test-framework-etl-x/blackbox/test/etlFilesDev.test.js:409:19)
    at Object.asyncJestLifecycle (/Users/shuklaa1/ZafinETL_poc/poc-test-framework-etl-x/blackbox/node_modules/jest-jasmine2/build/jasmineAsyncInstall.js:53:37)
    at /Users/shuklaa1/ZafinETL_poc/poc-test-framework-etl-x/blackbox/node_modules/jest-jasmine2/build/queueRunner.js:45:12
    at new Promise (&lt;anonymous&gt;)
    at mapper (/Users/shuklaa1/ZafinETL_poc/poc-test-framework-etl-x/blackbox/node_modules/jest-jasmine2/build/queueRunner.js:28:19)
    at /Users/shuklaa1/ZafinETL_poc/poc-test-framework-etl-x/blackbox/node_modules/jest-jasmine2/build/queueRunner.js:75:41
    at processTicksAndRejections (internal/process/task_queues.js:97:5)</failure>
      <failure>Error: expect(received).toBeTruthy()

Received: 0
    at Object.&lt;anonymous&gt; (/Users/shuklaa1/ZafinETL_poc/poc-test-framework-etl-x/blackbox/test/etlFilesDev.test.js:465:28)
    at Object.asyncJestTest (/Users/shuklaa1/ZafinETL_poc/poc-test-framework-etl-x/blackbox/node_modules/jest-jasmine2/build/jasmineAsyncInstall.js:100:37)
    at /Users/shuklaa1/ZafinETL_poc/poc-test-framework-etl-x/blackbox/node_modules/jest-jasmine2/build/queueRunner.js:45:12
    at new Promise (&lt;anonymous&gt;)
    at mapper (/Users/shuklaa1/ZafinETL_poc/poc-test-framework-etl-x/blackbox/node_modules/jest-jasmine2/build/queueRunner.js:28:19)
    at /Users/shuklaa1/ZafinETL_poc/poc-test-framework-etl-x/blackbox/node_modules/jest-jasmine2/build/queueRunner.js:75:41
    at processTicksAndRejections (internal/process/task_queues.js:97:5)</failure>
    </testcase>
    <testcase classname="ETL tests File comparison tests of Account Balance information file Unmapped columns of output file should be blank" name="ETL tests File comparison tests of Account Balance information file Unmapped columns of output file should be blank" time="0">
      <failure>Error: ENOENT: no such file or directory, open
    at Object.openSync (fs.js:462:3)
    at Object.readFileSync (fs.js:364:35)
    at Object.convertTocsv (/Users/shuklaa1/ZafinETL_poc/poc-test-framework-etl-x/blackbox/lib/utils.js:19:8)
    at Object.&lt;anonymous&gt; (/Users/shuklaa1/ZafinETL_poc/poc-test-framework-etl-x/blackbox/test/etlFilesDev.test.js:409:19)
    at Object.asyncJestLifecycle (/Users/shuklaa1/ZafinETL_poc/poc-test-framework-etl-x/blackbox/node_modules/jest-jasmine2/build/jasmineAsyncInstall.js:53:37)
    at /Users/shuklaa1/ZafinETL_poc/poc-test-framework-etl-x/blackbox/node_modules/jest-jasmine2/build/queueRunner.js:45:12
    at new Promise (&lt;anonymous&gt;)
    at mapper (/Users/shuklaa1/ZafinETL_poc/poc-test-framework-etl-x/blackbox/node_modules/jest-jasmine2/build/queueRunner.js:28:19)
    at /Users/shuklaa1/ZafinETL_poc/poc-test-framework-etl-x/blackbox/node_modules/jest-jasmine2/build/queueRunner.js:75:41
    at processTicksAndRejections (internal/process/task_queues.js:97:5)</failure>
    </testcase>
    <testcase classname="ETL tests File comparison tests of Account Balance information file mandatory columns of the file should be populated" name="ETL tests File comparison tests of Account Balance information file mandatory columns of the file should be populated" time="0">
      <failure>Error: ENOENT: no such file or directory, open
    at Object.openSync (fs.js:462:3)
    at Object.readFileSync (fs.js:364:35)
    at Object.convertTocsv (/Users/shuklaa1/ZafinETL_poc/poc-test-framework-etl-x/blackbox/lib/utils.js:19:8)
    at Object.&lt;anonymous&gt; (/Users/shuklaa1/ZafinETL_poc/poc-test-framework-etl-x/blackbox/test/etlFilesDev.test.js:409:19)
    at Object.asyncJestLifecycle (/Users/shuklaa1/ZafinETL_poc/poc-test-framework-etl-x/blackbox/node_modules/jest-jasmine2/build/jasmineAsyncInstall.js:53:37)
    at /Users/shuklaa1/ZafinETL_poc/poc-test-framework-etl-x/blackbox/node_modules/jest-jasmine2/build/queueRunner.js:45:12
    at new Promise (&lt;anonymous&gt;)
    at mapper (/Users/shuklaa1/ZafinETL_poc/poc-test-framework-etl-x/blackbox/node_modules/jest-jasmine2/build/queueRunner.js:28:19)
    at /Users/shuklaa1/ZafinETL_poc/poc-test-framework-etl-x/blackbox/node_modules/jest-jasmine2/build/queueRunner.js:75:41
    at processTicksAndRejections (internal/process/task_queues.js:97:5)</failure>
    </testcase>
    <testcase classname="ETL tests File comparison tests of Package subscription information file date format in output header should be YYYYMMDD" name="ETL tests File comparison tests of Package subscription information file date format in output header should be YYYYMMDD" time="0">
      <failure>Error: ENOENT: no such file or directory, open
    at Object.openSync (fs.js:462:3)
    at Object.readFileSync (fs.js:364:35)
    at Object.convertTocsv (/Users/shuklaa1/ZafinETL_poc/poc-test-framework-etl-x/blackbox/lib/utils.js:19:8)
    at Object.&lt;anonymous&gt; (/Users/shuklaa1/ZafinETL_poc/poc-test-framework-etl-x/blackbox/test/etlFilesDev.test.js:499:19)
    at Object.asyncJestLifecycle (/Users/shuklaa1/ZafinETL_poc/poc-test-framework-etl-x/blackbox/node_modules/jest-jasmine2/build/jasmineAsyncInstall.js:53:37)
    at /Users/shuklaa1/ZafinETL_poc/poc-test-framework-etl-x/blackbox/node_modules/jest-jasmine2/build/queueRunner.js:45:12
    at new Promise (&lt;anonymous&gt;)
    at mapper (/Users/shuklaa1/ZafinETL_poc/poc-test-framework-etl-x/blackbox/node_modules/jest-jasmine2/build/queueRunner.js:28:19)
    at /Users/shuklaa1/ZafinETL_poc/poc-test-framework-etl-x/blackbox/node_modules/jest-jasmine2/build/queueRunner.js:75:41
    at processTicksAndRejections (internal/process/task_queues.js:97:5)</failure>
      <failure>TypeError: Cannot read property &apos;1&apos; of undefined
    at Object.&lt;anonymous&gt; (/Users/shuklaa1/ZafinETL_poc/poc-test-framework-etl-x/blackbox/test/etlFilesDev.test.js:517:45)
    at Object.asyncJestTest (/Users/shuklaa1/ZafinETL_poc/poc-test-framework-etl-x/blackbox/node_modules/jest-jasmine2/build/jasmineAsyncInstall.js:100:37)
    at /Users/shuklaa1/ZafinETL_poc/poc-test-framework-etl-x/blackbox/node_modules/jest-jasmine2/build/queueRunner.js:45:12
    at new Promise (&lt;anonymous&gt;)
    at mapper (/Users/shuklaa1/ZafinETL_poc/poc-test-framework-etl-x/blackbox/node_modules/jest-jasmine2/build/queueRunner.js:28:19)
    at /Users/shuklaa1/ZafinETL_poc/poc-test-framework-etl-x/blackbox/node_modules/jest-jasmine2/build/queueRunner.js:75:41
    at processTicksAndRejections (internal/process/task_queues.js:97:5)</failure>
    </testcase>
    <testcase classname="ETL tests File comparison tests of Package subscription information file Header of output file &quot;#|YYYYMMDD|no of records ,&quot;" name="ETL tests File comparison tests of Package subscription information file Header of output file &quot;#|YYYYMMDD|no of records ,&quot;" time="0">
      <failure>Error: ENOENT: no such file or directory, open
    at Object.openSync (fs.js:462:3)
    at Object.readFileSync (fs.js:364:35)
    at Object.convertTocsv (/Users/shuklaa1/ZafinETL_poc/poc-test-framework-etl-x/blackbox/lib/utils.js:19:8)
    at Object.&lt;anonymous&gt; (/Users/shuklaa1/ZafinETL_poc/poc-test-framework-etl-x/blackbox/test/etlFilesDev.test.js:499:19)
    at Object.asyncJestLifecycle (/Users/shuklaa1/ZafinETL_poc/poc-test-framework-etl-x/blackbox/node_modules/jest-jasmine2/build/jasmineAsyncInstall.js:53:37)
    at /Users/shuklaa1/ZafinETL_poc/poc-test-framework-etl-x/blackbox/node_modules/jest-jasmine2/build/queueRunner.js:45:12
    at new Promise (&lt;anonymous&gt;)
    at mapper (/Users/shuklaa1/ZafinETL_poc/poc-test-framework-etl-x/blackbox/node_modules/jest-jasmine2/build/queueRunner.js:28:19)
    at /Users/shuklaa1/ZafinETL_poc/poc-test-framework-etl-x/blackbox/node_modules/jest-jasmine2/build/queueRunner.js:75:41
    at processTicksAndRejections (internal/process/task_queues.js:97:5)</failure>
      <failure>TypeError: Cannot read property &apos;toString&apos; of undefined
    at Object.&lt;anonymous&gt; (/Users/shuklaa1/ZafinETL_poc/poc-test-framework-etl-x/blackbox/test/etlFilesDev.test.js:521:47)
    at Object.asyncJestTest (/Users/shuklaa1/ZafinETL_poc/poc-test-framework-etl-x/blackbox/node_modules/jest-jasmine2/build/jasmineAsyncInstall.js:100:37)
    at /Users/shuklaa1/ZafinETL_poc/poc-test-framework-etl-x/blackbox/node_modules/jest-jasmine2/build/queueRunner.js:45:12
    at new Promise (&lt;anonymous&gt;)
    at mapper (/Users/shuklaa1/ZafinETL_poc/poc-test-framework-etl-x/blackbox/node_modules/jest-jasmine2/build/queueRunner.js:28:19)
    at /Users/shuklaa1/ZafinETL_poc/poc-test-framework-etl-x/blackbox/node_modules/jest-jasmine2/build/queueRunner.js:75:41
    at processTicksAndRejections (internal/process/task_queues.js:97:5)</failure>
    </testcase>
    <testcase classname="ETL tests File comparison tests of Package subscription information file Number of records in Input and output file should be equal" name="ETL tests File comparison tests of Package subscription information file Number of records in Input and output file should be equal" time="0.001">
      <failure>Error: ENOENT: no such file or directory, open
    at Object.openSync (fs.js:462:3)
    at Object.readFileSync (fs.js:364:35)
    at Object.convertTocsv (/Users/shuklaa1/ZafinETL_poc/poc-test-framework-etl-x/blackbox/lib/utils.js:19:8)
    at Object.&lt;anonymous&gt; (/Users/shuklaa1/ZafinETL_poc/poc-test-framework-etl-x/blackbox/test/etlFilesDev.test.js:499:19)
    at Object.asyncJestLifecycle (/Users/shuklaa1/ZafinETL_poc/poc-test-framework-etl-x/blackbox/node_modules/jest-jasmine2/build/jasmineAsyncInstall.js:53:37)
    at /Users/shuklaa1/ZafinETL_poc/poc-test-framework-etl-x/blackbox/node_modules/jest-jasmine2/build/queueRunner.js:45:12
    at new Promise (&lt;anonymous&gt;)
    at mapper (/Users/shuklaa1/ZafinETL_poc/poc-test-framework-etl-x/blackbox/node_modules/jest-jasmine2/build/queueRunner.js:28:19)
    at /Users/shuklaa1/ZafinETL_poc/poc-test-framework-etl-x/blackbox/node_modules/jest-jasmine2/build/queueRunner.js:75:41
    at processTicksAndRejections (internal/process/task_queues.js:97:5)</failure>
    </testcase>
    <testcase classname="ETL tests File comparison tests of Package subscription information file Number of columns in output file should be 6" name="ETL tests File comparison tests of Package subscription information file Number of columns in output file should be 6" time="0">
      <failure>Error: ENOENT: no such file or directory, open
    at Object.openSync (fs.js:462:3)
    at Object.readFileSync (fs.js:364:35)
    at Object.convertTocsv (/Users/shuklaa1/ZafinETL_poc/poc-test-framework-etl-x/blackbox/lib/utils.js:19:8)
    at Object.&lt;anonymous&gt; (/Users/shuklaa1/ZafinETL_poc/poc-test-framework-etl-x/blackbox/test/etlFilesDev.test.js:499:19)
    at Object.asyncJestLifecycle (/Users/shuklaa1/ZafinETL_poc/poc-test-framework-etl-x/blackbox/node_modules/jest-jasmine2/build/jasmineAsyncInstall.js:53:37)
    at /Users/shuklaa1/ZafinETL_poc/poc-test-framework-etl-x/blackbox/node_modules/jest-jasmine2/build/queueRunner.js:45:12
    at new Promise (&lt;anonymous&gt;)
    at mapper (/Users/shuklaa1/ZafinETL_poc/poc-test-framework-etl-x/blackbox/node_modules/jest-jasmine2/build/queueRunner.js:28:19)
    at /Users/shuklaa1/ZafinETL_poc/poc-test-framework-etl-x/blackbox/node_modules/jest-jasmine2/build/queueRunner.js:75:41
    at processTicksAndRejections (internal/process/task_queues.js:97:5)</failure>
      <failure>Error: expect(received).toBeTruthy()

Received: 0
    at Object.&lt;anonymous&gt; (/Users/shuklaa1/ZafinETL_poc/poc-test-framework-etl-x/blackbox/test/etlFilesDev.test.js:534:27)
    at Object.asyncJestTest (/Users/shuklaa1/ZafinETL_poc/poc-test-framework-etl-x/blackbox/node_modules/jest-jasmine2/build/jasmineAsyncInstall.js:100:37)
    at /Users/shuklaa1/ZafinETL_poc/poc-test-framework-etl-x/blackbox/node_modules/jest-jasmine2/build/queueRunner.js:45:12
    at new Promise (&lt;anonymous&gt;)
    at mapper (/Users/shuklaa1/ZafinETL_poc/poc-test-framework-etl-x/blackbox/node_modules/jest-jasmine2/build/queueRunner.js:28:19)
    at /Users/shuklaa1/ZafinETL_poc/poc-test-framework-etl-x/blackbox/node_modules/jest-jasmine2/build/queueRunner.js:75:41
    at processTicksAndRejections (internal/process/task_queues.js:97:5)</failure>
    </testcase>
    <testcase classname="ETL tests File comparison tests of Package subscription information file mapping of input file to output file should be correct" name="ETL tests File comparison tests of Package subscription information file mapping of input file to output file should be correct" time="0">
      <failure>Error: ENOENT: no such file or directory, open
    at Object.openSync (fs.js:462:3)
    at Object.readFileSync (fs.js:364:35)
    at Object.convertTocsv (/Users/shuklaa1/ZafinETL_poc/poc-test-framework-etl-x/blackbox/lib/utils.js:19:8)
    at Object.&lt;anonymous&gt; (/Users/shuklaa1/ZafinETL_poc/poc-test-framework-etl-x/blackbox/test/etlFilesDev.test.js:499:19)
    at Object.asyncJestLifecycle (/Users/shuklaa1/ZafinETL_poc/poc-test-framework-etl-x/blackbox/node_modules/jest-jasmine2/build/jasmineAsyncInstall.js:53:37)
    at /Users/shuklaa1/ZafinETL_poc/poc-test-framework-etl-x/blackbox/node_modules/jest-jasmine2/build/queueRunner.js:45:12
    at new Promise (&lt;anonymous&gt;)
    at mapper (/Users/shuklaa1/ZafinETL_poc/poc-test-framework-etl-x/blackbox/node_modules/jest-jasmine2/build/queueRunner.js:28:19)
    at /Users/shuklaa1/ZafinETL_poc/poc-test-framework-etl-x/blackbox/node_modules/jest-jasmine2/build/queueRunner.js:75:41
    at processTicksAndRejections (internal/process/task_queues.js:97:5)</failure>
      <failure>Error: expect(received).toBeTruthy()

Received: undefined
    at Object.&lt;anonymous&gt; (/Users/shuklaa1/ZafinETL_poc/poc-test-framework-etl-x/blackbox/test/etlFilesDev.test.js:544:28)
    at Object.asyncJestTest (/Users/shuklaa1/ZafinETL_poc/poc-test-framework-etl-x/blackbox/node_modules/jest-jasmine2/build/jasmineAsyncInstall.js:100:37)
    at /Users/shuklaa1/ZafinETL_poc/poc-test-framework-etl-x/blackbox/node_modules/jest-jasmine2/build/queueRunner.js:45:12
    at new Promise (&lt;anonymous&gt;)
    at mapper (/Users/shuklaa1/ZafinETL_poc/poc-test-framework-etl-x/blackbox/node_modules/jest-jasmine2/build/queueRunner.js:28:19)
    at /Users/shuklaa1/ZafinETL_poc/poc-test-framework-etl-x/blackbox/node_modules/jest-jasmine2/build/queueRunner.js:75:41
    at processTicksAndRejections (internal/process/task_queues.js:97:5)</failure>
    </testcase>
    <testcase classname="ETL tests File comparison tests of Package subscription information file Unmapped columns of output file should be blank" name="ETL tests File comparison tests of Package subscription information file Unmapped columns of output file should be blank" time="0.001">
      <failure>Error: ENOENT: no such file or directory, open
    at Object.openSync (fs.js:462:3)
    at Object.readFileSync (fs.js:364:35)
    at Object.convertTocsv (/Users/shuklaa1/ZafinETL_poc/poc-test-framework-etl-x/blackbox/lib/utils.js:19:8)
    at Object.&lt;anonymous&gt; (/Users/shuklaa1/ZafinETL_poc/poc-test-framework-etl-x/blackbox/test/etlFilesDev.test.js:499:19)
    at Object.asyncJestLifecycle (/Users/shuklaa1/ZafinETL_poc/poc-test-framework-etl-x/blackbox/node_modules/jest-jasmine2/build/jasmineAsyncInstall.js:53:37)
    at /Users/shuklaa1/ZafinETL_poc/poc-test-framework-etl-x/blackbox/node_modules/jest-jasmine2/build/queueRunner.js:45:12
    at new Promise (&lt;anonymous&gt;)
    at mapper (/Users/shuklaa1/ZafinETL_poc/poc-test-framework-etl-x/blackbox/node_modules/jest-jasmine2/build/queueRunner.js:28:19)
    at /Users/shuklaa1/ZafinETL_poc/poc-test-framework-etl-x/blackbox/node_modules/jest-jasmine2/build/queueRunner.js:75:41
    at processTicksAndRejections (internal/process/task_queues.js:97:5)</failure>
    </testcase>
    <testcase classname="ETL tests File comparison tests of Package subscription information file mandatory columns of the file should be populated" name="ETL tests File comparison tests of Package subscription information file mandatory columns of the file should be populated" time="0">
      <failure>Error: ENOENT: no such file or directory, open
    at Object.openSync (fs.js:462:3)
    at Object.readFileSync (fs.js:364:35)
    at Object.convertTocsv (/Users/shuklaa1/ZafinETL_poc/poc-test-framework-etl-x/blackbox/lib/utils.js:19:8)
    at Object.&lt;anonymous&gt; (/Users/shuklaa1/ZafinETL_poc/poc-test-framework-etl-x/blackbox/test/etlFilesDev.test.js:499:19)
    at Object.asyncJestLifecycle (/Users/shuklaa1/ZafinETL_poc/poc-test-framework-etl-x/blackbox/node_modules/jest-jasmine2/build/jasmineAsyncInstall.js:53:37)
    at /Users/shuklaa1/ZafinETL_poc/poc-test-framework-etl-x/blackbox/node_modules/jest-jasmine2/build/queueRunner.js:45:12
    at new Promise (&lt;anonymous&gt;)
    at mapper (/Users/shuklaa1/ZafinETL_poc/poc-test-framework-etl-x/blackbox/node_modules/jest-jasmine2/build/queueRunner.js:28:19)
    at /Users/shuklaa1/ZafinETL_poc/poc-test-framework-etl-x/blackbox/node_modules/jest-jasmine2/build/queueRunner.js:75:41
    at processTicksAndRejections (internal/process/task_queues.js:97:5)</failure>
    </testcase>
    <testcase classname="ETL tests File comparison tests of Package Account file date format in output header should be YYYYMMDD" name="ETL tests File comparison tests of Package Account file date format in output header should be YYYYMMDD" time="0">
      <failure>Error: ENOENT: no such file or directory, open
    at Object.openSync (fs.js:462:3)
    at Object.readFileSync (fs.js:364:35)
    at Object.convertTocsv (/Users/shuklaa1/ZafinETL_poc/poc-test-framework-etl-x/blackbox/lib/utils.js:19:8)
    at Object.&lt;anonymous&gt; (/Users/shuklaa1/ZafinETL_poc/poc-test-framework-etl-x/blackbox/test/etlFilesDev.test.js:566:19)
    at Object.asyncJestLifecycle (/Users/shuklaa1/ZafinETL_poc/poc-test-framework-etl-x/blackbox/node_modules/jest-jasmine2/build/jasmineAsyncInstall.js:53:37)
    at /Users/shuklaa1/ZafinETL_poc/poc-test-framework-etl-x/blackbox/node_modules/jest-jasmine2/build/queueRunner.js:45:12
    at new Promise (&lt;anonymous&gt;)
    at mapper (/Users/shuklaa1/ZafinETL_poc/poc-test-framework-etl-x/blackbox/node_modules/jest-jasmine2/build/queueRunner.js:28:19)
    at /Users/shuklaa1/ZafinETL_poc/poc-test-framework-etl-x/blackbox/node_modules/jest-jasmine2/build/queueRunner.js:75:41
    at processTicksAndRejections (internal/process/task_queues.js:97:5)</failure>
      <failure>TypeError: Cannot read property &apos;1&apos; of undefined
    at Object.&lt;anonymous&gt; (/Users/shuklaa1/ZafinETL_poc/poc-test-framework-etl-x/blackbox/test/etlFilesDev.test.js:584:45)
    at Object.asyncJestTest (/Users/shuklaa1/ZafinETL_poc/poc-test-framework-etl-x/blackbox/node_modules/jest-jasmine2/build/jasmineAsyncInstall.js:100:37)
    at /Users/shuklaa1/ZafinETL_poc/poc-test-framework-etl-x/blackbox/node_modules/jest-jasmine2/build/queueRunner.js:45:12
    at new Promise (&lt;anonymous&gt;)
    at mapper (/Users/shuklaa1/ZafinETL_poc/poc-test-framework-etl-x/blackbox/node_modules/jest-jasmine2/build/queueRunner.js:28:19)
    at /Users/shuklaa1/ZafinETL_poc/poc-test-framework-etl-x/blackbox/node_modules/jest-jasmine2/build/queueRunner.js:75:41
    at processTicksAndRejections (internal/process/task_queues.js:97:5)</failure>
    </testcase>
    <testcase classname="ETL tests File comparison tests of Package Account file Header of output file &quot;#|YYYYMMDD|no of records ,&quot;" name="ETL tests File comparison tests of Package Account file Header of output file &quot;#|YYYYMMDD|no of records ,&quot;" time="0">
      <failure>Error: ENOENT: no such file or directory, open
    at Object.openSync (fs.js:462:3)
    at Object.readFileSync (fs.js:364:35)
    at Object.convertTocsv (/Users/shuklaa1/ZafinETL_poc/poc-test-framework-etl-x/blackbox/lib/utils.js:19:8)
    at Object.&lt;anonymous&gt; (/Users/shuklaa1/ZafinETL_poc/poc-test-framework-etl-x/blackbox/test/etlFilesDev.test.js:566:19)
    at Object.asyncJestLifecycle (/Users/shuklaa1/ZafinETL_poc/poc-test-framework-etl-x/blackbox/node_modules/jest-jasmine2/build/jasmineAsyncInstall.js:53:37)
    at /Users/shuklaa1/ZafinETL_poc/poc-test-framework-etl-x/blackbox/node_modules/jest-jasmine2/build/queueRunner.js:45:12
    at new Promise (&lt;anonymous&gt;)
    at mapper (/Users/shuklaa1/ZafinETL_poc/poc-test-framework-etl-x/blackbox/node_modules/jest-jasmine2/build/queueRunner.js:28:19)
    at /Users/shuklaa1/ZafinETL_poc/poc-test-framework-etl-x/blackbox/node_modules/jest-jasmine2/build/queueRunner.js:75:41
    at processTicksAndRejections (internal/process/task_queues.js:97:5)</failure>
      <failure>TypeError: Cannot read property &apos;toString&apos; of undefined
    at Object.&lt;anonymous&gt; (/Users/shuklaa1/ZafinETL_poc/poc-test-framework-etl-x/blackbox/test/etlFilesDev.test.js:588:47)
    at Object.asyncJestTest (/Users/shuklaa1/ZafinETL_poc/poc-test-framework-etl-x/blackbox/node_modules/jest-jasmine2/build/jasmineAsyncInstall.js:100:37)
    at /Users/shuklaa1/ZafinETL_poc/poc-test-framework-etl-x/blackbox/node_modules/jest-jasmine2/build/queueRunner.js:45:12
    at new Promise (&lt;anonymous&gt;)
    at mapper (/Users/shuklaa1/ZafinETL_poc/poc-test-framework-etl-x/blackbox/node_modules/jest-jasmine2/build/queueRunner.js:28:19)
    at /Users/shuklaa1/ZafinETL_poc/poc-test-framework-etl-x/blackbox/node_modules/jest-jasmine2/build/queueRunner.js:75:41
    at processTicksAndRejections (internal/process/task_queues.js:97:5)</failure>
    </testcase>
    <testcase classname="ETL tests File comparison tests of Package Account file Number of records in Input and output file should be equal" name="ETL tests File comparison tests of Package Account file Number of records in Input and output file should be equal" time="0">
      <failure>Error: ENOENT: no such file or directory, open
    at Object.openSync (fs.js:462:3)
    at Object.readFileSync (fs.js:364:35)
    at Object.convertTocsv (/Users/shuklaa1/ZafinETL_poc/poc-test-framework-etl-x/blackbox/lib/utils.js:19:8)
    at Object.&lt;anonymous&gt; (/Users/shuklaa1/ZafinETL_poc/poc-test-framework-etl-x/blackbox/test/etlFilesDev.test.js:566:19)
    at Object.asyncJestLifecycle (/Users/shuklaa1/ZafinETL_poc/poc-test-framework-etl-x/blackbox/node_modules/jest-jasmine2/build/jasmineAsyncInstall.js:53:37)
    at /Users/shuklaa1/ZafinETL_poc/poc-test-framework-etl-x/blackbox/node_modules/jest-jasmine2/build/queueRunner.js:45:12
    at new Promise (&lt;anonymous&gt;)
    at mapper (/Users/shuklaa1/ZafinETL_poc/poc-test-framework-etl-x/blackbox/node_modules/jest-jasmine2/build/queueRunner.js:28:19)
    at /Users/shuklaa1/ZafinETL_poc/poc-test-framework-etl-x/blackbox/node_modules/jest-jasmine2/build/queueRunner.js:75:41
    at processTicksAndRejections (internal/process/task_queues.js:97:5)</failure>
    </testcase>
    <testcase classname="ETL tests File comparison tests of Package Account file Number of columns in output file should be 4" name="ETL tests File comparison tests of Package Account file Number of columns in output file should be 4" time="0.001">
      <failure>Error: ENOENT: no such file or directory, open
    at Object.openSync (fs.js:462:3)
    at Object.readFileSync (fs.js:364:35)
    at Object.convertTocsv (/Users/shuklaa1/ZafinETL_poc/poc-test-framework-etl-x/blackbox/lib/utils.js:19:8)
    at Object.&lt;anonymous&gt; (/Users/shuklaa1/ZafinETL_poc/poc-test-framework-etl-x/blackbox/test/etlFilesDev.test.js:566:19)
    at Object.asyncJestLifecycle (/Users/shuklaa1/ZafinETL_poc/poc-test-framework-etl-x/blackbox/node_modules/jest-jasmine2/build/jasmineAsyncInstall.js:53:37)
    at /Users/shuklaa1/ZafinETL_poc/poc-test-framework-etl-x/blackbox/node_modules/jest-jasmine2/build/queueRunner.js:45:12
    at new Promise (&lt;anonymous&gt;)
    at mapper (/Users/shuklaa1/ZafinETL_poc/poc-test-framework-etl-x/blackbox/node_modules/jest-jasmine2/build/queueRunner.js:28:19)
    at /Users/shuklaa1/ZafinETL_poc/poc-test-framework-etl-x/blackbox/node_modules/jest-jasmine2/build/queueRunner.js:75:41
    at processTicksAndRejections (internal/process/task_queues.js:97:5)</failure>
      <failure>Error: expect(received).toBeTruthy()

Received: 0
    at Object.&lt;anonymous&gt; (/Users/shuklaa1/ZafinETL_poc/poc-test-framework-etl-x/blackbox/test/etlFilesDev.test.js:601:27)
    at Object.asyncJestTest (/Users/shuklaa1/ZafinETL_poc/poc-test-framework-etl-x/blackbox/node_modules/jest-jasmine2/build/jasmineAsyncInstall.js:100:37)
    at /Users/shuklaa1/ZafinETL_poc/poc-test-framework-etl-x/blackbox/node_modules/jest-jasmine2/build/queueRunner.js:45:12
    at new Promise (&lt;anonymous&gt;)
    at mapper (/Users/shuklaa1/ZafinETL_poc/poc-test-framework-etl-x/blackbox/node_modules/jest-jasmine2/build/queueRunner.js:28:19)
    at /Users/shuklaa1/ZafinETL_poc/poc-test-framework-etl-x/blackbox/node_modules/jest-jasmine2/build/queueRunner.js:75:41
    at processTicksAndRejections (internal/process/task_queues.js:97:5)</failure>
    </testcase>
    <testcase classname="ETL tests File comparison tests of Package Account file mapping of input file to output file should be correct" name="ETL tests File comparison tests of Package Account file mapping of input file to output file should be correct" time="0.001">
      <failure>Error: ENOENT: no such file or directory, open
    at Object.openSync (fs.js:462:3)
    at Object.readFileSync (fs.js:364:35)
    at Object.convertTocsv (/Users/shuklaa1/ZafinETL_poc/poc-test-framework-etl-x/blackbox/lib/utils.js:19:8)
    at Object.&lt;anonymous&gt; (/Users/shuklaa1/ZafinETL_poc/poc-test-framework-etl-x/blackbox/test/etlFilesDev.test.js:566:19)
    at Object.asyncJestLifecycle (/Users/shuklaa1/ZafinETL_poc/poc-test-framework-etl-x/blackbox/node_modules/jest-jasmine2/build/jasmineAsyncInstall.js:53:37)
    at /Users/shuklaa1/ZafinETL_poc/poc-test-framework-etl-x/blackbox/node_modules/jest-jasmine2/build/queueRunner.js:45:12
    at new Promise (&lt;anonymous&gt;)
    at mapper (/Users/shuklaa1/ZafinETL_poc/poc-test-framework-etl-x/blackbox/node_modules/jest-jasmine2/build/queueRunner.js:28:19)
    at /Users/shuklaa1/ZafinETL_poc/poc-test-framework-etl-x/blackbox/node_modules/jest-jasmine2/build/queueRunner.js:75:41
    at processTicksAndRejections (internal/process/task_queues.js:97:5)</failure>
      <failure>Error: expect(received).toBeTruthy()

Received: undefined
    at Object.&lt;anonymous&gt; (/Users/shuklaa1/ZafinETL_poc/poc-test-framework-etl-x/blackbox/test/etlFilesDev.test.js:611:28)
    at Object.asyncJestTest (/Users/shuklaa1/ZafinETL_poc/poc-test-framework-etl-x/blackbox/node_modules/jest-jasmine2/build/jasmineAsyncInstall.js:100:37)
    at /Users/shuklaa1/ZafinETL_poc/poc-test-framework-etl-x/blackbox/node_modules/jest-jasmine2/build/queueRunner.js:45:12
    at new Promise (&lt;anonymous&gt;)
    at mapper (/Users/shuklaa1/ZafinETL_poc/poc-test-framework-etl-x/blackbox/node_modules/jest-jasmine2/build/queueRunner.js:28:19)
    at /Users/shuklaa1/ZafinETL_poc/poc-test-framework-etl-x/blackbox/node_modules/jest-jasmine2/build/queueRunner.js:75:41
    at processTicksAndRejections (internal/process/task_queues.js:97:5)</failure>
    </testcase>
    <testcase classname="ETL tests File comparison tests of Package Account file Unmapped columns of output file should be blank" name="ETL tests File comparison tests of Package Account file Unmapped columns of output file should be blank" time="0">
      <failure>Error: ENOENT: no such file or directory, open
    at Object.openSync (fs.js:462:3)
    at Object.readFileSync (fs.js:364:35)
    at Object.convertTocsv (/Users/shuklaa1/ZafinETL_poc/poc-test-framework-etl-x/blackbox/lib/utils.js:19:8)
    at Object.&lt;anonymous&gt; (/Users/shuklaa1/ZafinETL_poc/poc-test-framework-etl-x/blackbox/test/etlFilesDev.test.js:566:19)
    at Object.asyncJestLifecycle (/Users/shuklaa1/ZafinETL_poc/poc-test-framework-etl-x/blackbox/node_modules/jest-jasmine2/build/jasmineAsyncInstall.js:53:37)
    at /Users/shuklaa1/ZafinETL_poc/poc-test-framework-etl-x/blackbox/node_modules/jest-jasmine2/build/queueRunner.js:45:12
    at new Promise (&lt;anonymous&gt;)
    at mapper (/Users/shuklaa1/ZafinETL_poc/poc-test-framework-etl-x/blackbox/node_modules/jest-jasmine2/build/queueRunner.js:28:19)
    at /Users/shuklaa1/ZafinETL_poc/poc-test-framework-etl-x/blackbox/node_modules/jest-jasmine2/build/queueRunner.js:75:41
    at processTicksAndRejections (internal/process/task_queues.js:97:5)</failure>
    </testcase>
    <testcase classname="ETL tests File comparison tests of Package Account file mandatory columns of the file should be populated" name="ETL tests File comparison tests of Package Account file mandatory columns of the file should be populated" time="0">
      <failure>Error: ENOENT: no such file or directory, open
    at Object.openSync (fs.js:462:3)
    at Object.readFileSync (fs.js:364:35)
    at Object.convertTocsv (/Users/shuklaa1/ZafinETL_poc/poc-test-framework-etl-x/blackbox/lib/utils.js:19:8)
    at Object.&lt;anonymous&gt; (/Users/shuklaa1/ZafinETL_poc/poc-test-framework-etl-x/blackbox/test/etlFilesDev.test.js:566:19)
    at Object.asyncJestLifecycle (/Users/shuklaa1/ZafinETL_poc/poc-test-framework-etl-x/blackbox/node_modules/jest-jasmine2/build/jasmineAsyncInstall.js:53:37)
    at /Users/shuklaa1/ZafinETL_poc/poc-test-framework-etl-x/blackbox/node_modules/jest-jasmine2/build/queueRunner.js:45:12
    at new Promise (&lt;anonymous&gt;)
    at mapper (/Users/shuklaa1/ZafinETL_poc/poc-test-framework-etl-x/blackbox/node_modules/jest-jasmine2/build/queueRunner.js:28:19)
    at /Users/shuklaa1/ZafinETL_poc/poc-test-framework-etl-x/blackbox/node_modules/jest-jasmine2/build/queueRunner.js:75:41
    at processTicksAndRejections (internal/process/task_queues.js:97:5)</failure>
    </testcase>
    <testcase classname="ETL tests File comparison tests of Deposit Transaction file date format in output header should be YYYYMMDD" name="ETL tests File comparison tests of Deposit Transaction file date format in output header should be YYYYMMDD" time="0">
      <failure>Error: ENOENT: no such file or directory, open
    at Object.openSync (fs.js:462:3)
    at Object.readFileSync (fs.js:364:35)
    at Object.convertTocsv (/Users/shuklaa1/ZafinETL_poc/poc-test-framework-etl-x/blackbox/lib/utils.js:19:8)
    at Object.&lt;anonymous&gt; (/Users/shuklaa1/ZafinETL_poc/poc-test-framework-etl-x/blackbox/test/etlFilesDev.test.js:640:19)
    at Object.asyncJestLifecycle (/Users/shuklaa1/ZafinETL_poc/poc-test-framework-etl-x/blackbox/node_modules/jest-jasmine2/build/jasmineAsyncInstall.js:53:37)
    at /Users/shuklaa1/ZafinETL_poc/poc-test-framework-etl-x/blackbox/node_modules/jest-jasmine2/build/queueRunner.js:45:12
    at new Promise (&lt;anonymous&gt;)
    at mapper (/Users/shuklaa1/ZafinETL_poc/poc-test-framework-etl-x/blackbox/node_modules/jest-jasmine2/build/queueRunner.js:28:19)
    at /Users/shuklaa1/ZafinETL_poc/poc-test-framework-etl-x/blackbox/node_modules/jest-jasmine2/build/queueRunner.js:75:41
    at processTicksAndRejections (internal/process/task_queues.js:97:5)</failure>
      <failure>TypeError: Cannot read property &apos;1&apos; of undefined
    at Object.&lt;anonymous&gt; (/Users/shuklaa1/ZafinETL_poc/poc-test-framework-etl-x/blackbox/test/etlFilesDev.test.js:658:45)
    at Object.asyncJestTest (/Users/shuklaa1/ZafinETL_poc/poc-test-framework-etl-x/blackbox/node_modules/jest-jasmine2/build/jasmineAsyncInstall.js:100:37)
    at /Users/shuklaa1/ZafinETL_poc/poc-test-framework-etl-x/blackbox/node_modules/jest-jasmine2/build/queueRunner.js:45:12
    at new Promise (&lt;anonymous&gt;)
    at mapper (/Users/shuklaa1/ZafinETL_poc/poc-test-framework-etl-x/blackbox/node_modules/jest-jasmine2/build/queueRunner.js:28:19)
    at /Users/shuklaa1/ZafinETL_poc/poc-test-framework-etl-x/blackbox/node_modules/jest-jasmine2/build/queueRunner.js:75:41
    at processTicksAndRejections (internal/process/task_queues.js:97:5)</failure>
    </testcase>
    <testcase classname="ETL tests File comparison tests of Deposit Transaction file Header of output file &quot;#|YYYYMMDD|no of records ,&quot;" name="ETL tests File comparison tests of Deposit Transaction file Header of output file &quot;#|YYYYMMDD|no of records ,&quot;" time="0">
      <failure>Error: ENOENT: no such file or directory, open
    at Object.openSync (fs.js:462:3)
    at Object.readFileSync (fs.js:364:35)
    at Object.convertTocsv (/Users/shuklaa1/ZafinETL_poc/poc-test-framework-etl-x/blackbox/lib/utils.js:19:8)
    at Object.&lt;anonymous&gt; (/Users/shuklaa1/ZafinETL_poc/poc-test-framework-etl-x/blackbox/test/etlFilesDev.test.js:640:19)
    at Object.asyncJestLifecycle (/Users/shuklaa1/ZafinETL_poc/poc-test-framework-etl-x/blackbox/node_modules/jest-jasmine2/build/jasmineAsyncInstall.js:53:37)
    at /Users/shuklaa1/ZafinETL_poc/poc-test-framework-etl-x/blackbox/node_modules/jest-jasmine2/build/queueRunner.js:45:12
    at new Promise (&lt;anonymous&gt;)
    at mapper (/Users/shuklaa1/ZafinETL_poc/poc-test-framework-etl-x/blackbox/node_modules/jest-jasmine2/build/queueRunner.js:28:19)
    at /Users/shuklaa1/ZafinETL_poc/poc-test-framework-etl-x/blackbox/node_modules/jest-jasmine2/build/queueRunner.js:75:41
    at processTicksAndRejections (internal/process/task_queues.js:97:5)</failure>
      <failure>TypeError: Cannot read property &apos;toString&apos; of undefined
    at Object.&lt;anonymous&gt; (/Users/shuklaa1/ZafinETL_poc/poc-test-framework-etl-x/blackbox/test/etlFilesDev.test.js:662:47)
    at Object.asyncJestTest (/Users/shuklaa1/ZafinETL_poc/poc-test-framework-etl-x/blackbox/node_modules/jest-jasmine2/build/jasmineAsyncInstall.js:100:37)
    at /Users/shuklaa1/ZafinETL_poc/poc-test-framework-etl-x/blackbox/node_modules/jest-jasmine2/build/queueRunner.js:45:12
    at new Promise (&lt;anonymous&gt;)
    at mapper (/Users/shuklaa1/ZafinETL_poc/poc-test-framework-etl-x/blackbox/node_modules/jest-jasmine2/build/queueRunner.js:28:19)
    at /Users/shuklaa1/ZafinETL_poc/poc-test-framework-etl-x/blackbox/node_modules/jest-jasmine2/build/queueRunner.js:75:41
    at processTicksAndRejections (internal/process/task_queues.js:97:5)</failure>
    </testcase>
    <testcase classname="ETL tests File comparison tests of Deposit Transaction file Number of records in Input and output file should be equal" name="ETL tests File comparison tests of Deposit Transaction file Number of records in Input and output file should be equal" time="0">
      <failure>Error: ENOENT: no such file or directory, open
    at Object.openSync (fs.js:462:3)
    at Object.readFileSync (fs.js:364:35)
    at Object.convertTocsv (/Users/shuklaa1/ZafinETL_poc/poc-test-framework-etl-x/blackbox/lib/utils.js:19:8)
    at Object.&lt;anonymous&gt; (/Users/shuklaa1/ZafinETL_poc/poc-test-framework-etl-x/blackbox/test/etlFilesDev.test.js:640:19)
    at Object.asyncJestLifecycle (/Users/shuklaa1/ZafinETL_poc/poc-test-framework-etl-x/blackbox/node_modules/jest-jasmine2/build/jasmineAsyncInstall.js:53:37)
    at /Users/shuklaa1/ZafinETL_poc/poc-test-framework-etl-x/blackbox/node_modules/jest-jasmine2/build/queueRunner.js:45:12
    at new Promise (&lt;anonymous&gt;)
    at mapper (/Users/shuklaa1/ZafinETL_poc/poc-test-framework-etl-x/blackbox/node_modules/jest-jasmine2/build/queueRunner.js:28:19)
    at /Users/shuklaa1/ZafinETL_poc/poc-test-framework-etl-x/blackbox/node_modules/jest-jasmine2/build/queueRunner.js:75:41
    at processTicksAndRejections (internal/process/task_queues.js:97:5)</failure>
    </testcase>
    <testcase classname="ETL tests File comparison tests of Deposit Transaction file Number of columns in output file should be 14" name="ETL tests File comparison tests of Deposit Transaction file Number of columns in output file should be 14" time="0.001">
      <failure>Error: ENOENT: no such file or directory, open
    at Object.openSync (fs.js:462:3)
    at Object.readFileSync (fs.js:364:35)
    at Object.convertTocsv (/Users/shuklaa1/ZafinETL_poc/poc-test-framework-etl-x/blackbox/lib/utils.js:19:8)
    at Object.&lt;anonymous&gt; (/Users/shuklaa1/ZafinETL_poc/poc-test-framework-etl-x/blackbox/test/etlFilesDev.test.js:640:19)
    at Object.asyncJestLifecycle (/Users/shuklaa1/ZafinETL_poc/poc-test-framework-etl-x/blackbox/node_modules/jest-jasmine2/build/jasmineAsyncInstall.js:53:37)
    at /Users/shuklaa1/ZafinETL_poc/poc-test-framework-etl-x/blackbox/node_modules/jest-jasmine2/build/queueRunner.js:45:12
    at new Promise (&lt;anonymous&gt;)
    at mapper (/Users/shuklaa1/ZafinETL_poc/poc-test-framework-etl-x/blackbox/node_modules/jest-jasmine2/build/queueRunner.js:28:19)
    at /Users/shuklaa1/ZafinETL_poc/poc-test-framework-etl-x/blackbox/node_modules/jest-jasmine2/build/queueRunner.js:75:41
    at processTicksAndRejections (internal/process/task_queues.js:97:5)</failure>
      <failure>Error: expect(received).toBeTruthy()

Received: 0
    at Object.&lt;anonymous&gt; (/Users/shuklaa1/ZafinETL_poc/poc-test-framework-etl-x/blackbox/test/etlFilesDev.test.js:675:27)
    at Object.asyncJestTest (/Users/shuklaa1/ZafinETL_poc/poc-test-framework-etl-x/blackbox/node_modules/jest-jasmine2/build/jasmineAsyncInstall.js:100:37)
    at /Users/shuklaa1/ZafinETL_poc/poc-test-framework-etl-x/blackbox/node_modules/jest-jasmine2/build/queueRunner.js:45:12
    at new Promise (&lt;anonymous&gt;)
    at mapper (/Users/shuklaa1/ZafinETL_poc/poc-test-framework-etl-x/blackbox/node_modules/jest-jasmine2/build/queueRunner.js:28:19)
    at /Users/shuklaa1/ZafinETL_poc/poc-test-framework-etl-x/blackbox/node_modules/jest-jasmine2/build/queueRunner.js:75:41
    at processTicksAndRejections (internal/process/task_queues.js:97:5)</failure>
    </testcase>
    <testcase classname="ETL tests File comparison tests of Deposit Transaction file mapping of input file to output file should be correct" name="ETL tests File comparison tests of Deposit Transaction file mapping of input file to output file should be correct" time="0">
      <failure>Error: ENOENT: no such file or directory, open
    at Object.openSync (fs.js:462:3)
    at Object.readFileSync (fs.js:364:35)
    at Object.convertTocsv (/Users/shuklaa1/ZafinETL_poc/poc-test-framework-etl-x/blackbox/lib/utils.js:19:8)
    at Object.&lt;anonymous&gt; (/Users/shuklaa1/ZafinETL_poc/poc-test-framework-etl-x/blackbox/test/etlFilesDev.test.js:640:19)
    at Object.asyncJestLifecycle (/Users/shuklaa1/ZafinETL_poc/poc-test-framework-etl-x/blackbox/node_modules/jest-jasmine2/build/jasmineAsyncInstall.js:53:37)
    at /Users/shuklaa1/ZafinETL_poc/poc-test-framework-etl-x/blackbox/node_modules/jest-jasmine2/build/queueRunner.js:45:12
    at new Promise (&lt;anonymous&gt;)
    at mapper (/Users/shuklaa1/ZafinETL_poc/poc-test-framework-etl-x/blackbox/node_modules/jest-jasmine2/build/queueRunner.js:28:19)
    at /Users/shuklaa1/ZafinETL_poc/poc-test-framework-etl-x/blackbox/node_modules/jest-jasmine2/build/queueRunner.js:75:41
    at processTicksAndRejections (internal/process/task_queues.js:97:5)</failure>
      <failure>Error: expect(received).toBeTruthy()

Received: undefined
    at Object.&lt;anonymous&gt; (/Users/shuklaa1/ZafinETL_poc/poc-test-framework-etl-x/blackbox/test/etlFilesDev.test.js:685:28)
    at Object.asyncJestTest (/Users/shuklaa1/ZafinETL_poc/poc-test-framework-etl-x/blackbox/node_modules/jest-jasmine2/build/jasmineAsyncInstall.js:100:37)
    at /Users/shuklaa1/ZafinETL_poc/poc-test-framework-etl-x/blackbox/node_modules/jest-jasmine2/build/queueRunner.js:45:12
    at new Promise (&lt;anonymous&gt;)
    at mapper (/Users/shuklaa1/ZafinETL_poc/poc-test-framework-etl-x/blackbox/node_modules/jest-jasmine2/build/queueRunner.js:28:19)
    at /Users/shuklaa1/ZafinETL_poc/poc-test-framework-etl-x/blackbox/node_modules/jest-jasmine2/build/queueRunner.js:75:41
    at processTicksAndRejections (internal/process/task_queues.js:97:5)</failure>
    </testcase>
    <testcase classname="ETL tests File comparison tests of Deposit Transaction file Unmapped columns of output file should be blank" name="ETL tests File comparison tests of Deposit Transaction file Unmapped columns of output file should be blank" time="0">
      <failure>Error: ENOENT: no such file or directory, open
    at Object.openSync (fs.js:462:3)
    at Object.readFileSync (fs.js:364:35)
    at Object.convertTocsv (/Users/shuklaa1/ZafinETL_poc/poc-test-framework-etl-x/blackbox/lib/utils.js:19:8)
    at Object.&lt;anonymous&gt; (/Users/shuklaa1/ZafinETL_poc/poc-test-framework-etl-x/blackbox/test/etlFilesDev.test.js:640:19)
    at Object.asyncJestLifecycle (/Users/shuklaa1/ZafinETL_poc/poc-test-framework-etl-x/blackbox/node_modules/jest-jasmine2/build/jasmineAsyncInstall.js:53:37)
    at /Users/shuklaa1/ZafinETL_poc/poc-test-framework-etl-x/blackbox/node_modules/jest-jasmine2/build/queueRunner.js:45:12
    at new Promise (&lt;anonymous&gt;)
    at mapper (/Users/shuklaa1/ZafinETL_poc/poc-test-framework-etl-x/blackbox/node_modules/jest-jasmine2/build/queueRunner.js:28:19)
    at /Users/shuklaa1/ZafinETL_poc/poc-test-framework-etl-x/blackbox/node_modules/jest-jasmine2/build/queueRunner.js:75:41
    at processTicksAndRejections (internal/process/task_queues.js:97:5)</failure>
    </testcase>
    <testcase classname="ETL tests File comparison tests of Deposit Transaction file mandatory columns of the file should be populated" name="ETL tests File comparison tests of Deposit Transaction file mandatory columns of the file should be populated" time="0.001">
      <failure>Error: ENOENT: no such file or directory, open
    at Object.openSync (fs.js:462:3)
    at Object.readFileSync (fs.js:364:35)
    at Object.convertTocsv (/Users/shuklaa1/ZafinETL_poc/poc-test-framework-etl-x/blackbox/lib/utils.js:19:8)
    at Object.&lt;anonymous&gt; (/Users/shuklaa1/ZafinETL_poc/poc-test-framework-etl-x/blackbox/test/etlFilesDev.test.js:640:19)
    at Object.asyncJestLifecycle (/Users/shuklaa1/ZafinETL_poc/poc-test-framework-etl-x/blackbox/node_modules/jest-jasmine2/build/jasmineAsyncInstall.js:53:37)
    at /Users/shuklaa1/ZafinETL_poc/poc-test-framework-etl-x/blackbox/node_modules/jest-jasmine2/build/queueRunner.js:45:12
    at new Promise (&lt;anonymous&gt;)
    at mapper (/Users/shuklaa1/ZafinETL_poc/poc-test-framework-etl-x/blackbox/node_modules/jest-jasmine2/build/queueRunner.js:28:19)
    at /Users/shuklaa1/ZafinETL_poc/poc-test-framework-etl-x/blackbox/node_modules/jest-jasmine2/build/queueRunner.js:75:41
    at processTicksAndRejections (internal/process/task_queues.js:97:5)</failure>
    </testcase>
  </testsuite>
</testsuites>