<?xml version="1.0" encoding="UTF-8"?>
<testsuites name="jest tests" tests="12" failures="0" time="5.756">
  <testsuite name="File comparison tests of customer file" errors="0" failures="0" skipped="0" timestamp="2020-04-20T00:17:39" time="5.44" tests="6">
    <testcase classname="File comparison tests of customer file date format in output header should be YYYYMMDD" name="File comparison tests of customer file date format in output header should be YYYYMMDD" time="0.005">
    </testcase>
    <testcase classname="File comparison tests of customer file Header of output file &quot;#|YYYYMMDD|no of records ,&quot;" name="File comparison tests of customer file Header of output file &quot;#|YYYYMMDD|no of records ,&quot;" time="0.001">
    </testcase>
    <testcase classname="File comparison tests of customer file Number of records in Input and output file should be equal" name="File comparison tests of customer file Number of records in Input and output file should be equal" time="0.001">
    </testcase>
    <testcase classname="File comparison tests of customer file Number of columns in output file should be 10" name="File comparison tests of customer file Number of columns in output file should be 10" time="0.001">
    </testcase>
    <testcase classname="File comparison tests of customer file mapping of input file to output file should be correct" name="File comparison tests of customer file mapping of input file to output file should be correct" time="0.003">
    </testcase>
    <testcase classname="File comparison tests of customer file Unmapped columns of output file should be blank" name="File comparison tests of customer file Unmapped columns of output file should be blank" time="0.001">
    </testcase>
  </testsuite>
  <testsuite name="File comparison tests of customer file" errors="0" failures="0" skipped="0" timestamp="2020-04-20T00:17:45" time="0.228" tests="6">
    <testcase classname="File comparison tests of customer file date format in output header should be YYYYMMDD" name="File comparison tests of customer file date format in output header should be YYYYMMDD" time="0.003">
    </testcase>
    <testcase classname="File comparison tests of customer file Header of output file &quot;#|YYYYMMDD|no of records ,&quot;" name="File comparison tests of customer file Header of output file &quot;#|YYYYMMDD|no of records ,&quot;" time="0.001">
    </testcase>
    <testcase classname="File comparison tests of customer file Number of records in Input and output file should be equal" name="File comparison tests of customer file Number of records in Input and output file should be equal" time="0.001">
    </testcase>
    <testcase classname="File comparison tests of customer file Number of columns in output file should be ten" name="File comparison tests of customer file Number of columns in output file should be ten" time="0.001">
    </testcase>
    <testcase classname="File comparison tests of customer file mapping of input file to output file should be correct" name="File comparison tests of customer file mapping of input file to output file should be correct" time="0">
    </testcase>
    <testcase classname="File comparison tests of customer file Unmapped columns of output file should be blank" name="File comparison tests of customer file Unmapped columns of output file should be blank" time="0.001">
    </testcase>
  </testsuite>
</testsuites>